Analysis & Synthesis report for risc_processor
Sun Jun 29 23:28:14 2025
Quartus Prime Version 20.1.1 Build 720 11/11/2020 SJ Lite Edition


---------------------
; Table of Contents ;
---------------------
  1. Legal Notice
  2. Analysis & Synthesis Summary
  3. Analysis & Synthesis Settings
  4. Parallel Compilation
  5. Analysis & Synthesis Source Files Read
  6. Analysis & Synthesis Resource Usage Summary
  7. Analysis & Synthesis Resource Utilization by Entity
  8. Analysis & Synthesis RAM Summary
  9. Registers Removed During Synthesis
 10. General Register Statistics
 11. Registers Packed Into Inferred Megafunctions
 12. Multiplexer Restructuring Statistics (Restructuring Performed)
 13. Source assignments for instruction_memory:imem|altsyncram:rom_rtl_0|altsyncram_r6f1:auto_generated
 14. Parameter Settings for User Entity Instance: instruction_memory:imem
 15. Parameter Settings for Inferred Entity Instance: instruction_memory:imem|altsyncram:rom_rtl_0
 16. altsyncram Parameter Settings by Entity Instance
 17. Post-Synthesis Netlist Statistics for Top Partition
 18. Elapsed Time Per Partition
 19. Analysis & Synthesis Messages



----------------
; Legal Notice ;
----------------
Copyright (C) 2020  Intel Corporation. All rights reserved.
Your use of Intel Corporation's design tools, logic functions 
and other software and tools, and any partner logic 
functions, and any output files from any of the foregoing 
(including device programming or simulation files), and any 
associated documentation or information are expressly subject 
to the terms and conditions of the Intel Program License 
Subscription Agreement, the Intel Quartus Prime License Agreement,
the Intel FPGA IP License Agreement, or other applicable license
agreement, including, without limitation, that your use is for
the sole purpose of programming logic devices manufactured by
Intel and sold by Intel or its authorized distributors.  Please
refer to the applicable agreement for further details, at
https://fpgasoftware.intel.com/eula.



+-------------------------------------------------------------------------------+
; Analysis & Synthesis Summary                                                  ;
+---------------------------------+---------------------------------------------+
; Analysis & Synthesis Status     ; Successful - Sun Jun 29 23:28:14 2025       ;
; Quartus Prime Version           ; 20.1.1 Build 720 11/11/2020 SJ Lite Edition ;
; Revision Name                   ; risc_processor                              ;
; Top-level Entity Name           ; risc_processor                              ;
; Family                          ; Cyclone V                                   ;
; Logic utilization (in ALMs)     ; N/A                                         ;
; Total registers                 ; 2088                                        ;
; Total pins                      ; 18                                          ;
; Total virtual pins              ; 0                                           ;
; Total block memory bits         ; 4,096                                       ;
; Total DSP Blocks                ; 0                                           ;
; Total HSSI RX PCSs              ; 0                                           ;
; Total HSSI PMA RX Deserializers ; 0                                           ;
; Total HSSI TX PCSs              ; 0                                           ;
; Total HSSI PMA TX Serializers   ; 0                                           ;
; Total PLLs                      ; 0                                           ;
; Total DLLs                      ; 0                                           ;
+---------------------------------+---------------------------------------------+


+---------------------------------------------------------------------------------------------------------------------------+
; Analysis & Synthesis Settings                                                                                             ;
+---------------------------------------------------------------------------------+--------------------+--------------------+
; Option                                                                          ; Setting            ; Default Value      ;
+---------------------------------------------------------------------------------+--------------------+--------------------+
; Device                                                                          ; 5CGXFC7D6F27C7     ;                    ;
; Top-level entity name                                                           ; risc_processor     ; risc_processor     ;
; Family name                                                                     ; Cyclone V          ; Cyclone V          ;
; Use smart compilation                                                           ; Off                ; Off                ;
; Enable parallel Assembler and Timing Analyzer during compilation                ; On                 ; On                 ;
; Enable compact report table                                                     ; Off                ; Off                ;
; Restructure Multiplexers                                                        ; Auto               ; Auto               ;
; MLAB Add Timing Constraints For Mixed-Port Feed-Through Mode Setting Don't Care ; Off                ; Off                ;
; Create Debugging Nodes for IP Cores                                             ; Off                ; Off                ;
; Preserve fewer node names                                                       ; On                 ; On                 ;
; Intel FPGA IP Evaluation Mode                                                   ; Enable             ; Enable             ;
; Verilog Version                                                                 ; Verilog_2001       ; Verilog_2001       ;
; VHDL Version                                                                    ; VHDL_1993          ; VHDL_1993          ;
; State Machine Processing                                                        ; Auto               ; Auto               ;
; Safe State Machine                                                              ; Off                ; Off                ;
; Extract Verilog State Machines                                                  ; On                 ; On                 ;
; Extract VHDL State Machines                                                     ; On                 ; On                 ;
; Ignore Verilog initial constructs                                               ; Off                ; Off                ;
; Iteration limit for constant Verilog loops                                      ; 5000               ; 5000               ;
; Iteration limit for non-constant Verilog loops                                  ; 250                ; 250                ;
; Add Pass-Through Logic to Inferred RAMs                                         ; On                 ; On                 ;
; Infer RAMs from Raw Logic                                                       ; On                 ; On                 ;
; Parallel Synthesis                                                              ; On                 ; On                 ;
; DSP Block Balancing                                                             ; Auto               ; Auto               ;
; NOT Gate Push-Back                                                              ; On                 ; On                 ;
; Power-Up Don't Care                                                             ; On                 ; On                 ;
; Remove Redundant Logic Cells                                                    ; Off                ; Off                ;
; Remove Duplicate Registers                                                      ; On                 ; On                 ;
; Ignore CARRY Buffers                                                            ; Off                ; Off                ;
; Ignore CASCADE Buffers                                                          ; Off                ; Off                ;
; Ignore GLOBAL Buffers                                                           ; Off                ; Off                ;
; Ignore ROW GLOBAL Buffers                                                       ; Off                ; Off                ;
; Ignore LCELL Buffers                                                            ; Off                ; Off                ;
; Ignore SOFT Buffers                                                             ; On                 ; On                 ;
; Limit AHDL Integers to 32 Bits                                                  ; Off                ; Off                ;
; Optimization Technique                                                          ; Balanced           ; Balanced           ;
; Carry Chain Length                                                              ; 70                 ; 70                 ;
; Auto Carry Chains                                                               ; On                 ; On                 ;
; Auto Open-Drain Pins                                                            ; On                 ; On                 ;
; Perform WYSIWYG Primitive Resynthesis                                           ; Off                ; Off                ;
; Auto ROM Replacement                                                            ; On                 ; On                 ;
; Auto RAM Replacement                                                            ; On                 ; On                 ;
; Auto DSP Block Replacement                                                      ; On                 ; On                 ;
; Auto Shift Register Replacement                                                 ; Auto               ; Auto               ;
; Allow Shift Register Merging across Hierarchies                                 ; Auto               ; Auto               ;
; Auto Clock Enable Replacement                                                   ; On                 ; On                 ;
; Strict RAM Replacement                                                          ; Off                ; Off                ;
; Allow Synchronous Control Signals                                               ; On                 ; On                 ;
; Force Use of Synchronous Clear Signals                                          ; Off                ; Off                ;
; Auto Resource Sharing                                                           ; Off                ; Off                ;
; Allow Any RAM Size For Recognition                                              ; Off                ; Off                ;
; Allow Any ROM Size For Recognition                                              ; Off                ; Off                ;
; Allow Any Shift Register Size For Recognition                                   ; Off                ; Off                ;
; Use LogicLock Constraints during Resource Balancing                             ; On                 ; On                 ;
; Ignore translate_off and synthesis_off directives                               ; Off                ; Off                ;
; Timing-Driven Synthesis                                                         ; On                 ; On                 ;
; Report Parameter Settings                                                       ; On                 ; On                 ;
; Report Source Assignments                                                       ; On                 ; On                 ;
; Report Connectivity Checks                                                      ; On                 ; On                 ;
; Ignore Maximum Fan-Out Assignments                                              ; Off                ; Off                ;
; Synchronization Register Chain Length                                           ; 3                  ; 3                  ;
; Power Optimization During Synthesis                                             ; Normal compilation ; Normal compilation ;
; HDL message level                                                               ; Level2             ; Level2             ;
; Suppress Register Optimization Related Messages                                 ; Off                ; Off                ;
; Number of Removed Registers Reported in Synthesis Report                        ; 5000               ; 5000               ;
; Number of Swept Nodes Reported in Synthesis Report                              ; 5000               ; 5000               ;
; Number of Inverted Registers Reported in Synthesis Report                       ; 100                ; 100                ;
; Clock MUX Protection                                                            ; On                 ; On                 ;
; Auto Gated Clock Conversion                                                     ; Off                ; Off                ;
; Block Design Naming                                                             ; Auto               ; Auto               ;
; SDC constraint protection                                                       ; Off                ; Off                ;
; Synthesis Effort                                                                ; Auto               ; Auto               ;
; Shift Register Replacement - Allow Asynchronous Clear Signal                    ; On                 ; On                 ;
; Pre-Mapping Resynthesis Optimization                                            ; Off                ; Off                ;
; Analysis & Synthesis Message Level                                              ; Medium             ; Medium             ;
; Disable Register Merging Across Hierarchies                                     ; Auto               ; Auto               ;
; Resource Aware Inference For Block RAM                                          ; On                 ; On                 ;
; Automatic Parallel Synthesis                                                    ; On                 ; On                 ;
; Partial Reconfiguration Bitstream ID                                            ; Off                ; Off                ;
+---------------------------------------------------------------------------------+--------------------+--------------------+


+------------------------------------------+
; Parallel Compilation                     ;
+----------------------------+-------------+
; Processors                 ; Number      ;
+----------------------------+-------------+
; Number detected on machine ; 16          ;
; Maximum allowed            ; 16          ;
;                            ;             ;
; Average used               ; 1.00        ;
; Maximum used               ; 16          ;
;                            ;             ;
; Usage by Processor         ; % Time Used ;
;     Processor 1            ; 100.0%      ;
;     Processor 2            ;   0.0%      ;
;     Processor 3            ;   0.0%      ;
;     Processor 4            ;   0.0%      ;
;     Processor 5            ;   0.0%      ;
;     Processor 6            ;   0.0%      ;
;     Processor 7            ;   0.0%      ;
;     Processor 8            ;   0.0%      ;
;     Processor 9            ;   0.0%      ;
;     Processor 10           ;   0.0%      ;
;     Processor 11           ;   0.0%      ;
;     Processor 12           ;   0.0%      ;
;     Processors 13-16       ;   0.0%      ;
+----------------------------+-------------+


+---------------------------------------------------------------------------------------------------------------------------------------------------------------------------------------------------------------------------------------------------------------------------------------------------+
; Analysis & Synthesis Source Files Read                                                                                                                                                                                                                                                            ;
+------------------------------------------------------------+-----------------+-------------------------------------------------------+--------------------------------------------------------------------------------------------------------------------------------------------------+---------+
; File Name with User-Entered Path                           ; Used in Netlist ; File Type                                             ; File Name with Absolute Path                                                                                                                     ; Library ;
+------------------------------------------------------------+-----------------+-------------------------------------------------------+--------------------------------------------------------------------------------------------------------------------------------------------------+---------+
; ../risc_processor.v                                        ; yes             ; User Verilog HDL File                                 ; C:/Users/anuka/Desktop/6th Sem/EE 6205 Hardware Description Language/HDL-Project/risc_processor.v                                                ;         ;
; altsyncram.tdf                                             ; yes             ; Megafunction                                          ; c:/intelfpga_lite/20.1/quartus/libraries/megafunctions/altsyncram.tdf                                                                            ;         ;
; stratix_ram_block.inc                                      ; yes             ; Megafunction                                          ; c:/intelfpga_lite/20.1/quartus/libraries/megafunctions/stratix_ram_block.inc                                                                     ;         ;
; lpm_mux.inc                                                ; yes             ; Megafunction                                          ; c:/intelfpga_lite/20.1/quartus/libraries/megafunctions/lpm_mux.inc                                                                               ;         ;
; lpm_decode.inc                                             ; yes             ; Megafunction                                          ; c:/intelfpga_lite/20.1/quartus/libraries/megafunctions/lpm_decode.inc                                                                            ;         ;
; aglobal201.inc                                             ; yes             ; Megafunction                                          ; c:/intelfpga_lite/20.1/quartus/libraries/megafunctions/aglobal201.inc                                                                            ;         ;
; a_rdenreg.inc                                              ; yes             ; Megafunction                                          ; c:/intelfpga_lite/20.1/quartus/libraries/megafunctions/a_rdenreg.inc                                                                             ;         ;
; altrom.inc                                                 ; yes             ; Megafunction                                          ; c:/intelfpga_lite/20.1/quartus/libraries/megafunctions/altrom.inc                                                                                ;         ;
; altram.inc                                                 ; yes             ; Megafunction                                          ; c:/intelfpga_lite/20.1/quartus/libraries/megafunctions/altram.inc                                                                                ;         ;
; altdpram.inc                                               ; yes             ; Megafunction                                          ; c:/intelfpga_lite/20.1/quartus/libraries/megafunctions/altdpram.inc                                                                              ;         ;
; db/altsyncram_r6f1.tdf                                     ; yes             ; Auto-Generated Megafunction                           ; C:/Users/anuka/Desktop/6th Sem/EE 6205 Hardware Description Language/HDL-Project/FPGA/db/altsyncram_r6f1.tdf                                     ;         ;
; db/risc_processor.ram0_instruction_memory_68fd8bb8.hdl.mif ; yes             ; Auto-Generated Auto-Found Memory Initialization File  ; C:/Users/anuka/Desktop/6th Sem/EE 6205 Hardware Description Language/HDL-Project/FPGA/db/risc_processor.ram0_instruction_memory_68fd8bb8.hdl.mif ;         ;
+------------------------------------------------------------+-----------------+-------------------------------------------------------+--------------------------------------------------------------------------------------------------------------------------------------------------+---------+


+---------------------------------------------------------+
; Analysis & Synthesis Resource Usage Summary             ;
+---------------------------------------------+-----------+
; Resource                                    ; Usage     ;
+---------------------------------------------+-----------+
; Estimate of Logic utilization (ALMs needed) ; 1488      ;
;                                             ;           ;
; Combinational ALUT usage for logic          ; 1052      ;
;     -- 7 input functions                    ; 0         ;
;     -- 6 input functions                    ; 761       ;
;     -- 5 input functions                    ; 84        ;
;     -- 4 input functions                    ; 192       ;
;     -- <=3 input functions                  ; 15        ;
;                                             ;           ;
; Dedicated logic registers                   ; 2088      ;
;                                             ;           ;
; I/O pins                                    ; 18        ;
; Total MLAB memory bits                      ; 0         ;
; Total block memory bits                     ; 4096      ;
;                                             ;           ;
; Total DSP Blocks                            ; 0         ;
;                                             ;           ;
; Maximum fan-out node                        ; clk~input ;
; Maximum fan-out                             ; 2104      ;
; Total fan-out                               ; 12355     ;
; Average fan-out                             ; 3.87      ;
+---------------------------------------------+-----------+


+--------------------------------------------------------------------------------------------------------------------------------------------------------------------------------------------------------------------------------------------------------------------------------------+
; Analysis & Synthesis Resource Utilization by Entity                                                                                                                                                                                                                                  ;
+-------------------------------------------+---------------------+---------------------------+-------------------+------------+------+--------------+---------------------------------------------------------------------------------------------+--------------------+--------------+
; Compilation Hierarchy Node                ; Combinational ALUTs ; Dedicated Logic Registers ; Block Memory Bits ; DSP Blocks ; Pins ; Virtual Pins ; Full Hierarchy Name                                                                         ; Entity Name        ; Library Name ;
+-------------------------------------------+---------------------+---------------------------+-------------------+------------+------+--------------+---------------------------------------------------------------------------------------------+--------------------+--------------+
; |risc_processor                           ; 1052 (17)           ; 2088 (0)                  ; 4096              ; 0          ; 18   ; 0            ; |risc_processor                                                                             ; risc_processor     ; work         ;
;    |alu:alu_inst|                         ; 9 (9)               ; 0 (0)                     ; 0                 ; 0          ; 0    ; 0            ; |risc_processor|alu:alu_inst                                                                ; alu                ; work         ;
;    |control_unit:ctrl|                    ; 4 (4)               ; 0 (0)                     ; 0                 ; 0          ; 0    ; 0            ; |risc_processor|control_unit:ctrl                                                           ; control_unit       ; work         ;
;    |data_memory:dmem|                     ; 1002 (1002)         ; 2048 (2048)               ; 0                 ; 0          ; 0    ; 0            ; |risc_processor|data_memory:dmem                                                            ; data_memory        ; work         ;
;    |instruction_memory:imem|              ; 0 (0)               ; 0 (0)                     ; 4096              ; 0          ; 0    ; 0            ; |risc_processor|instruction_memory:imem                                                     ; instruction_memory ; work         ;
;       |altsyncram:rom_rtl_0|              ; 0 (0)               ; 0 (0)                     ; 4096              ; 0          ; 0    ; 0            ; |risc_processor|instruction_memory:imem|altsyncram:rom_rtl_0                                ; altsyncram         ; work         ;
;          |altsyncram_r6f1:auto_generated| ; 0 (0)               ; 0 (0)                     ; 4096              ; 0          ; 0    ; 0            ; |risc_processor|instruction_memory:imem|altsyncram:rom_rtl_0|altsyncram_r6f1:auto_generated ; altsyncram_r6f1    ; work         ;
;    |pc:pc_inst|                           ; 0 (0)               ; 8 (8)                     ; 0                 ; 0          ; 0    ; 0            ; |risc_processor|pc:pc_inst                                                                  ; pc                 ; work         ;
;    |register_file:rf|                     ; 20 (20)             ; 32 (32)                   ; 0                 ; 0          ; 0    ; 0            ; |risc_processor|register_file:rf                                                            ; register_file      ; work         ;
+-------------------------------------------+---------------------+---------------------------+-------------------+------------+------+--------------+---------------------------------------------------------------------------------------------+--------------------+--------------+
Note: For table entries with two numbers listed, the numbers in parentheses indicate the number of resources of the given type used by the specific entity alone. The numbers listed outside of parentheses indicate the total resources of the given type used by the specific entity and all of its sub-entities in the hierarchy.


+--------------------------------------------------------------------------------------------------------------------------------------------------------------------------------------------------------------------------------------+
; Analysis & Synthesis RAM Summary                                                                                                                                                                                                     ;
+----------------------------------------------------------------------------------------+------+------+--------------+--------------+--------------+--------------+------+------------------------------------------------------------+
; Name                                                                                   ; Type ; Mode ; Port A Depth ; Port A Width ; Port B Depth ; Port B Width ; Size ; MIF                                                        ;
+----------------------------------------------------------------------------------------+------+------+--------------+--------------+--------------+--------------+------+------------------------------------------------------------+
; instruction_memory:imem|altsyncram:rom_rtl_0|altsyncram_r6f1:auto_generated|ALTSYNCRAM ; AUTO ; ROM  ; 256          ; 16           ; --           ; --           ; 4096 ; db/risc_processor.ram0_instruction_memory_68fd8bb8.hdl.mif ;
+----------------------------------------------------------------------------------------+------+------+--------------+--------------+--------------+--------------+------+------------------------------------------------------------+


+-------------------------------------------------------------------------------------+
; Registers Removed During Synthesis                                                  ;
+---------------------------------------+---------------------------------------------+
; Register name                         ; Reason for Removal                          ;
+---------------------------------------+---------------------------------------------+
; data_memory:dmem|ram~2040             ; Stuck at GND due to stuck port clock_enable ;
; data_memory:dmem|ram~2041             ; Stuck at GND due to stuck port clock_enable ;
; data_memory:dmem|ram~2042             ; Stuck at GND due to stuck port clock_enable ;
; data_memory:dmem|ram~2043             ; Stuck at GND due to stuck port clock_enable ;
; data_memory:dmem|ram~2044             ; Stuck at GND due to stuck port clock_enable ;
; data_memory:dmem|ram~2045             ; Stuck at GND due to stuck port clock_enable ;
; data_memory:dmem|ram~2046             ; Stuck at GND due to stuck port clock_enable ;
; data_memory:dmem|ram~2047             ; Stuck at GND due to stuck port clock_enable ;
; Total Number of Removed Registers = 8 ;                                             ;
+---------------------------------------+---------------------------------------------+


+------------------------------------------------------+
; General Register Statistics                          ;
+----------------------------------------------+-------+
; Statistic                                    ; Value ;
+----------------------------------------------+-------+
; Total registers                              ; 2088  ;
; Number of registers using Synchronous Clear  ; 0     ;
; Number of registers using Synchronous Load   ; 48    ;
; Number of registers using Asynchronous Clear ; 40    ;
; Number of registers using Asynchronous Load  ; 0     ;
; Number of registers using Clock Enable       ; 2080  ;
; Number of registers using Preset             ; 0     ;
+----------------------------------------------+-------+


+---------------------------------------------------------------------------------------+
; Registers Packed Into Inferred Megafunctions                                          ;
+--------------------------------------------+-----------------------------------+------+
; Register Name                              ; Megafunction                      ; Type ;
+--------------------------------------------+-----------------------------------+------+
; instruction_memory:imem|instruction[0..15] ; instruction_memory:imem|rom_rtl_0 ; RAM  ;
+--------------------------------------------+-----------------------------------+------+


+-----------------------------------------------------------------------------------------------------------------------------------------------------+
; Multiplexer Restructuring Statistics (Restructuring Performed)                                                                                      ;
+--------------------+-----------+---------------+----------------------+------------------------+------------+---------------------------------------+
; Multiplexer Inputs ; Bus Width ; Baseline Area ; Area if Restructured ; Saving if Restructured ; Registered ; Example Multiplexer Output            ;
+--------------------+-----------+---------------+----------------------+------------------------+------------+---------------------------------------+
; 4:1                ; 8 bits    ; 16 LEs        ; 16 LEs               ; 0 LEs                  ; No         ; |risc_processor|register_file:rf|Mux8 ;
; 4:1                ; 8 bits    ; 16 LEs        ; 16 LEs               ; 0 LEs                  ; No         ; |risc_processor|register_file:rf|Mux2 ;
; 4:1                ; 8 bits    ; 16 LEs        ; 16 LEs               ; 0 LEs                  ; No         ; |risc_processor|alu:alu_inst|Add0     ;
+--------------------+-----------+---------------+----------------------+------------------------+------------+---------------------------------------+


+----------------------------------------------------------------------------------------------------+
; Source assignments for instruction_memory:imem|altsyncram:rom_rtl_0|altsyncram_r6f1:auto_generated ;
+---------------------------------+--------------------+------+--------------------------------------+
; Assignment                      ; Value              ; From ; To                                   ;
+---------------------------------+--------------------+------+--------------------------------------+
; OPTIMIZE_POWER_DURING_SYNTHESIS ; NORMAL_COMPILATION ; -    ; -                                    ;
+---------------------------------+--------------------+------+--------------------------------------+


+----------------------------------------------------------------------+
; Parameter Settings for User Entity Instance: instruction_memory:imem ;
+----------------+-------+---------------------------------------------+
; Parameter Name ; Value ; Type                                        ;
+----------------+-------+---------------------------------------------+
; MEM_INIT_FILE  ;       ; String                                      ;
+----------------+-------+---------------------------------------------+
Note: In order to hide this table in the UI and the text report file, please set the "Show Parameter Settings in Synthesis Report" option in "Analysis and Synthesis Settings -> More Settings" to "Off".


+------------------------------------------------------------------------------------------------------------------+
; Parameter Settings for Inferred Entity Instance: instruction_memory:imem|altsyncram:rom_rtl_0                    ;
+------------------------------------+------------------------------------------------------------+----------------+
; Parameter Name                     ; Value                                                      ; Type           ;
+------------------------------------+------------------------------------------------------------+----------------+
; BYTE_SIZE_BLOCK                    ; 8                                                          ; Untyped        ;
; AUTO_CARRY_CHAINS                  ; ON                                                         ; AUTO_CARRY     ;
; IGNORE_CARRY_BUFFERS               ; OFF                                                        ; IGNORE_CARRY   ;
; AUTO_CASCADE_CHAINS                ; ON                                                         ; AUTO_CASCADE   ;
; IGNORE_CASCADE_BUFFERS             ; OFF                                                        ; IGNORE_CASCADE ;
; WIDTH_BYTEENA                      ; 1                                                          ; Untyped        ;
; OPERATION_MODE                     ; ROM                                                        ; Untyped        ;
; WIDTH_A                            ; 16                                                         ; Untyped        ;
; WIDTHAD_A                          ; 8                                                          ; Untyped        ;
; NUMWORDS_A                         ; 256                                                        ; Untyped        ;
; OUTDATA_REG_A                      ; UNREGISTERED                                               ; Untyped        ;
; ADDRESS_ACLR_A                     ; NONE                                                       ; Untyped        ;
; OUTDATA_ACLR_A                     ; NONE                                                       ; Untyped        ;
; WRCONTROL_ACLR_A                   ; NONE                                                       ; Untyped        ;
; INDATA_ACLR_A                      ; NONE                                                       ; Untyped        ;
; BYTEENA_ACLR_A                     ; NONE                                                       ; Untyped        ;
; WIDTH_B                            ; 1                                                          ; Untyped        ;
; WIDTHAD_B                          ; 1                                                          ; Untyped        ;
; NUMWORDS_B                         ; 1                                                          ; Untyped        ;
; INDATA_REG_B                       ; CLOCK1                                                     ; Untyped        ;
; WRCONTROL_WRADDRESS_REG_B          ; CLOCK1                                                     ; Untyped        ;
; RDCONTROL_REG_B                    ; CLOCK1                                                     ; Untyped        ;
; ADDRESS_REG_B                      ; CLOCK1                                                     ; Untyped        ;
; OUTDATA_REG_B                      ; UNREGISTERED                                               ; Untyped        ;
; BYTEENA_REG_B                      ; CLOCK1                                                     ; Untyped        ;
; INDATA_ACLR_B                      ; NONE                                                       ; Untyped        ;
; WRCONTROL_ACLR_B                   ; NONE                                                       ; Untyped        ;
; ADDRESS_ACLR_B                     ; NONE                                                       ; Untyped        ;
; OUTDATA_ACLR_B                     ; NONE                                                       ; Untyped        ;
; RDCONTROL_ACLR_B                   ; NONE                                                       ; Untyped        ;
; BYTEENA_ACLR_B                     ; NONE                                                       ; Untyped        ;
; WIDTH_BYTEENA_A                    ; 1                                                          ; Untyped        ;
; WIDTH_BYTEENA_B                    ; 1                                                          ; Untyped        ;
; RAM_BLOCK_TYPE                     ; AUTO                                                       ; Untyped        ;
; BYTE_SIZE                          ; 8                                                          ; Untyped        ;
; READ_DURING_WRITE_MODE_MIXED_PORTS ; DONT_CARE                                                  ; Untyped        ;
; READ_DURING_WRITE_MODE_PORT_A      ; NEW_DATA_NO_NBE_READ                                       ; Untyped        ;
; READ_DURING_WRITE_MODE_PORT_B      ; NEW_DATA_NO_NBE_READ                                       ; Untyped        ;
; INIT_FILE                          ; db/risc_processor.ram0_instruction_memory_68fd8bb8.hdl.mif ; Untyped        ;
; INIT_FILE_LAYOUT                   ; PORT_A                                                     ; Untyped        ;
; MAXIMUM_DEPTH                      ; 0                                                          ; Untyped        ;
; CLOCK_ENABLE_INPUT_A               ; NORMAL                                                     ; Untyped        ;
; CLOCK_ENABLE_INPUT_B               ; NORMAL                                                     ; Untyped        ;
; CLOCK_ENABLE_OUTPUT_A              ; NORMAL                                                     ; Untyped        ;
; CLOCK_ENABLE_OUTPUT_B              ; NORMAL                                                     ; Untyped        ;
; CLOCK_ENABLE_CORE_A                ; USE_INPUT_CLKEN                                            ; Untyped        ;
; CLOCK_ENABLE_CORE_B                ; USE_INPUT_CLKEN                                            ; Untyped        ;
; ENABLE_ECC                         ; FALSE                                                      ; Untyped        ;
; ECC_PIPELINE_STAGE_ENABLED         ; FALSE                                                      ; Untyped        ;
; WIDTH_ECCSTATUS                    ; 3                                                          ; Untyped        ;
; DEVICE_FAMILY                      ; Cyclone V                                                  ; Untyped        ;
; CBXI_PARAMETER                     ; altsyncram_r6f1                                            ; Untyped        ;
+------------------------------------+------------------------------------------------------------+----------------+
Note: In order to hide this table in the UI and the text report file, please set the "Show Parameter Settings in Synthesis Report" option in "Analysis and Synthesis Settings -> More Settings" to "Off".


+------------------------------------------------------------------------------------------+
; altsyncram Parameter Settings by Entity Instance                                         ;
+-------------------------------------------+----------------------------------------------+
; Name                                      ; Value                                        ;
+-------------------------------------------+----------------------------------------------+
; Number of entity instances                ; 1                                            ;
; Entity Instance                           ; instruction_memory:imem|altsyncram:rom_rtl_0 ;
;     -- OPERATION_MODE                     ; ROM                                          ;
;     -- WIDTH_A                            ; 16                                           ;
;     -- NUMWORDS_A                         ; 256                                          ;
;     -- OUTDATA_REG_A                      ; UNREGISTERED                                 ;
;     -- WIDTH_B                            ; 1                                            ;
;     -- NUMWORDS_B                         ; 1                                            ;
;     -- ADDRESS_REG_B                      ; CLOCK1                                       ;
;     -- OUTDATA_REG_B                      ; UNREGISTERED                                 ;
;     -- RAM_BLOCK_TYPE                     ; AUTO                                         ;
;     -- READ_DURING_WRITE_MODE_MIXED_PORTS ; DONT_CARE                                    ;
+-------------------------------------------+----------------------------------------------+


+-----------------------------------------------------+
; Post-Synthesis Netlist Statistics for Top Partition ;
+-----------------------+-----------------------------+
; Type                  ; Count                       ;
+-----------------------+-----------------------------+
; arriav_ff             ; 2088                        ;
;     CLR SLD           ; 8                           ;
;     ENA               ; 2040                        ;
;     ENA CLR SLD       ; 32                          ;
;     ENA SLD           ; 8                           ;
; arriav_lcell_comb     ; 1052                        ;
;     arith             ; 17                          ;
;         1 data inputs ; 9                           ;
;         5 data inputs ; 8                           ;
;     normal            ; 1035                        ;
;         2 data inputs ; 3                           ;
;         3 data inputs ; 3                           ;
;         4 data inputs ; 192                         ;
;         5 data inputs ; 76                          ;
;         6 data inputs ; 761                         ;
; boundary_port         ; 18                          ;
; stratixv_ram_block    ; 16                          ;
;                       ;                             ;
; Max LUT depth         ; 6.60                        ;
; Average LUT depth     ; 4.57                        ;
+-----------------------+-----------------------------+


+-------------------------------+
; Elapsed Time Per Partition    ;
+----------------+--------------+
; Partition Name ; Elapsed Time ;
+----------------+--------------+
; Top            ; 00:00:01     ;
+----------------+--------------+


+-------------------------------+
; Analysis & Synthesis Messages ;
+-------------------------------+
Info: *******************************************************************
Info: Running Quartus Prime Analysis & Synthesis
    Info: Version 20.1.1 Build 720 11/11/2020 SJ Lite Edition
    Info: Processing started: Sun Jun 29 23:28:05 2025
Info: Command: quartus_map --read_settings_files=on --write_settings_files=off risc_processor -c risc_processor
Warning (18236): Number of processors has not been specified which may cause overloading on shared machines.  Set the global assignment NUM_PARALLEL_PROCESSORS in your QSF to an appropriate value for best performance.
Info (20030): Parallel compilation is enabled and will use 16 of the 16 processors detected
Info (12021): Found 7 design units, including 7 entities, in source file /users/anuka/desktop/6th sem/ee 6205 hardware description language/hdl-project/risc_processor.v
    Info (12023): Found entity 1: risc_processor File: C:/Users/anuka/Desktop/6th Sem/EE 6205 Hardware Description Language/HDL-Project/risc_processor.v Line: 6
    Info (12023): Found entity 2: pc File: C:/Users/anuka/Desktop/6th Sem/EE 6205 Hardware Description Language/HDL-Project/risc_processor.v Line: 139
    Info (12023): Found entity 3: instruction_memory File: C:/Users/anuka/Desktop/6th Sem/EE 6205 Hardware Description Language/HDL-Project/risc_processor.v Line: 155
    Info (12023): Found entity 4: control_unit File: C:/Users/anuka/Desktop/6th Sem/EE 6205 Hardware Description Language/HDL-Project/risc_processor.v Line: 192
    Info (12023): Found entity 5: register_file File: C:/Users/anuka/Desktop/6th Sem/EE 6205 Hardware Description Language/HDL-Project/risc_processor.v Line: 243
    Info (12023): Found entity 6: alu File: C:/Users/anuka/Desktop/6th Sem/EE 6205 Hardware Description Language/HDL-Project/risc_processor.v Line: 280
    Info (12023): Found entity 7: data_memory File: C:/Users/anuka/Desktop/6th Sem/EE 6205 Hardware Description Language/HDL-Project/risc_processor.v Line: 300
Info (12127): Elaborating entity "risc_processor" for the top level hierarchy
Warning (10230): Verilog HDL assignment warning at risc_processor.v(58): truncated value with size 32 to match size of target (8) File: C:/Users/anuka/Desktop/6th Sem/EE 6205 Hardware Description Language/HDL-Project/risc_processor.v Line: 58
Info (12128): Elaborating entity "pc" for hierarchy "pc:pc_inst" File: C:/Users/anuka/Desktop/6th Sem/EE 6205 Hardware Description Language/HDL-Project/risc_processor.v Line: 55
Info (12128): Elaborating entity "instruction_memory" for hierarchy "instruction_memory:imem" File: C:/Users/anuka/Desktop/6th Sem/EE 6205 Hardware Description Language/HDL-Project/risc_processor.v Line: 68
Warning (10030): Net "rom.data_a" at risc_processor.v(161) has no driver or initial value, using a default initial value '0' File: C:/Users/anuka/Desktop/6th Sem/EE 6205 Hardware Description Language/HDL-Project/risc_processor.v Line: 161
Warning (10030): Net "rom.waddr_a" at risc_processor.v(161) has no driver or initial value, using a default initial value '0' File: C:/Users/anuka/Desktop/6th Sem/EE 6205 Hardware Description Language/HDL-Project/risc_processor.v Line: 161
Warning (10030): Net "rom.we_a" at risc_processor.v(161) has no driver or initial value, using a default initial value '0' File: C:/Users/anuka/Desktop/6th Sem/EE 6205 Hardware Description Language/HDL-Project/risc_processor.v Line: 161
Info (12128): Elaborating entity "control_unit" for hierarchy "control_unit:ctrl" File: C:/Users/anuka/Desktop/6th Sem/EE 6205 Hardware Description Language/HDL-Project/risc_processor.v Line: 87
Warning (10230): Verilog HDL assignment warning at risc_processor.v(204): truncated value with size 9 to match size of target (8) File: C:/Users/anuka/Desktop/6th Sem/EE 6205 Hardware Description Language/HDL-Project/risc_processor.v Line: 204
Info (12128): Elaborating entity "register_file" for hierarchy "register_file:rf" File: C:/Users/anuka/Desktop/6th Sem/EE 6205 Hardware Description Language/HDL-Project/risc_processor.v Line: 100
Info (12128): Elaborating entity "alu" for hierarchy "alu:alu_inst" File: C:/Users/anuka/Desktop/6th Sem/EE 6205 Hardware Description Language/HDL-Project/risc_processor.v Line: 111
Info (12128): Elaborating entity "data_memory" for hierarchy "data_memory:dmem" File: C:/Users/anuka/Desktop/6th Sem/EE 6205 Hardware Description Language/HDL-Project/risc_processor.v Line: 122
Info (276014): Found 1 instances of uninferred RAM logic
    Info (276007): RAM logic "data_memory:dmem|ram" is uninferred due to asynchronous read logic File: C:/Users/anuka/Desktop/6th Sem/EE 6205 Hardware Description Language/HDL-Project/risc_processor.v Line: 309
Info (19000): Inferred 1 megafunctions from design logic
    Info (276029): Inferred altsyncram megafunction from the following design logic: "instruction_memory:imem|rom_rtl_0" 
        Info (286033): Parameter OPERATION_MODE set to ROM
        Info (286033): Parameter WIDTH_A set to 16
        Info (286033): Parameter WIDTHAD_A set to 8
        Info (286033): Parameter NUMWORDS_A set to 256
        Info (286033): Parameter OUTDATA_REG_A set to UNREGISTERED
        Info (286033): Parameter ADDRESS_ACLR_A set to NONE
        Info (286033): Parameter OUTDATA_ACLR_A set to NONE
        Info (286033): Parameter INDATA_ACLR_A set to NONE
        Info (286033): Parameter WRCONTROL_ACLR_A set to NONE
        Info (286033): Parameter INIT_FILE set to db/risc_processor.ram0_instruction_memory_68fd8bb8.hdl.mif
Info (12130): Elaborated megafunction instantiation "instruction_memory:imem|altsyncram:rom_rtl_0"
Info (12133): Instantiated megafunction "instruction_memory:imem|altsyncram:rom_rtl_0" with the following parameter:
    Info (12134): Parameter "OPERATION_MODE" = "ROM"
    Info (12134): Parameter "WIDTH_A" = "16"
    Info (12134): Parameter "WIDTHAD_A" = "8"
    Info (12134): Parameter "NUMWORDS_A" = "256"
    Info (12134): Parameter "OUTDATA_REG_A" = "UNREGISTERED"
    Info (12134): Parameter "ADDRESS_ACLR_A" = "NONE"
    Info (12134): Parameter "OUTDATA_ACLR_A" = "NONE"
    Info (12134): Parameter "INDATA_ACLR_A" = "NONE"
    Info (12134): Parameter "WRCONTROL_ACLR_A" = "NONE"
    Info (12134): Parameter "INIT_FILE" = "db/risc_processor.ram0_instruction_memory_68fd8bb8.hdl.mif"
Info (12021): Found 1 design units, including 1 entities, in source file db/altsyncram_r6f1.tdf
    Info (12023): Found entity 1: altsyncram_r6f1 File: C:/Users/anuka/Desktop/6th Sem/EE 6205 Hardware Description Language/HDL-Project/FPGA/db/altsyncram_r6f1.tdf Line: 28
Info (286030): Timing-Driven Synthesis is running
Info (16010): Generating hard_block partition "hard_block:auto_generated_inst"
    Info (16011): Adding 0 node(s), including 0 DDIO, 0 PLL, 0 transceiver and 0 LCELL
Info (21057): Implemented 3158 device resources after synthesis - the final resource count might be different
    Info (21058): Implemented 10 input pins
    Info (21059): Implemented 8 output pins
    Info (21061): Implemented 3124 logic cells
    Info (21064): Implemented 16 RAM segments
Info: Quartus Prime Analysis & Synthesis was successful. 0 errors, 6 warnings
    Info: Peak virtual memory: 4924 megabytes
    Info: Processing ended: Sun Jun 29 23:28:14 2025
    Info: Elapsed time: 00:00:09
    Info: Total CPU time (on all processors): 00:00:19


