#! /c/Source/iverilog-install/bin/vvp
:ivl_version "12.0 (devel)" "(s20150603-1110-g18392a46)";
:ivl_delay_selection "TYPICAL";
:vpi_time_precision + 0;
:vpi_module "C:\iverilog\lib\ivl\system.vpi";
:vpi_module "C:\iverilog\lib\ivl\vhdl_sys.vpi";
:vpi_module "C:\iverilog\lib\ivl\vhdl_textio.vpi";
:vpi_module "C:\iverilog\lib\ivl\v2005_math.vpi";
:vpi_module "C:\iverilog\lib\ivl\va_math.vpi";
S_000002520d6a2f00 .scope module, "risc_core" "risc_core" 2 6;
 .timescale 0 0;
    .port_info 0 /INPUT 1 "clk";
    .port_info 1 /INPUT 1 "reset";
    .port_info 2 /OUTPUT 8 "instr_addr";
    .port_info 3 /INPUT 16 "instr_data";
    .port_info 4 /OUTPUT 8 "data_addr";
    .port_info 5 /OUTPUT 1 "data_write";
    .port_info 6 /OUTPUT 8 "data_out";
    .port_info 7 /INPUT 8 "data_in";
L_000002520d6a9650 .functor AND 1, L_000002520d70bca0, L_000002520d70b840, C4<1>, C4<1>;
L_000002520d6a9340 .functor BUFZ 8, v000002520d692910_0, C4<00000000>, C4<00000000>, C4<00000000>;
L_000002520d6a93b0 .functor BUFZ 8, L_000002520d6a92d0, C4<00000000>, C4<00000000>, C4<00000000>;
v000002520d707270_0 .net "alu_op", 1 0, L_000002520d70be80;  1 drivers
v000002520d7085d0_0 .net "alu_result", 7 0, v000002520d692910_0;  1 drivers
v000002520d7087b0_0 .net "alu_src", 0 0, L_000002520d6a90a0;  1 drivers
v000002520d708b70_0 .net "branch", 0 0, L_000002520d70bca0;  1 drivers
o000002520d6b57c8 .functor BUFZ 1, C4<z>; HiZ drive
v000002520d7083f0_0 .net "clk", 0 0, o000002520d6b57c8;  0 drivers
v000002520d708ad0_0 .net "data_addr", 7 0, L_000002520d6a9340;  1 drivers
o000002520d6b5dc8 .functor BUFZ 8, C4<zzzzzzzz>; HiZ drive
v000002520d7080d0_0 .net "data_in", 7 0, o000002520d6b5dc8;  0 drivers
v000002520d7079f0_0 .net "data_out", 7 0, L_000002520d6a93b0;  1 drivers
v000002520d708a30_0 .net "data_write", 0 0, L_000002520d7076d0;  1 drivers
v000002520d707a90_0 .net "immediate", 7 0, L_000002520d707f90;  1 drivers
v000002520d707e50_0 .net "instr_addr", 7 0, v000002520d6938b0_0;  1 drivers
o000002520d6b5e28 .functor BUFZ 16, C4<zzzzzzzzzzzzzzzz>; HiZ drive
v000002520d708170_0 .net "instr_data", 15 0, o000002520d6b5e28;  0 drivers
v000002520d708210_0 .net "jump", 0 0, L_000002520d70cba0;  1 drivers
v000002520d708490_0 .net "mem_to_reg", 0 0, L_000002520d707630;  1 drivers
v000002520d707b30_0 .net "opcode", 3 0, L_000002520d707310;  1 drivers
v000002520d708850_0 .net "rd", 1 0, L_000002520d7073b0;  1 drivers
v000002520d708710_0 .net "reg_data1", 7 0, L_000002520d6a9260;  1 drivers
v000002520d707d10_0 .net "reg_data2", 7 0, L_000002520d6a92d0;  1 drivers
v000002520d708d50_0 .net "reg_write", 0 0, L_000002520d6a8fc0;  1 drivers
o000002520d6b5858 .functor BUFZ 1, C4<z>; HiZ drive
v000002520d707bd0_0 .net "reset", 0 0, o000002520d6b5858;  0 drivers
v000002520d708f30_0 .net "rs", 1 0, L_000002520d708530;  1 drivers
v000002520d707c70_0 .net "rt", 1 0, L_000002520d708990;  1 drivers
v000002520d7088f0_0 .net "zero_flag", 0 0, L_000002520d70b840;  1 drivers
L_000002520d707310 .part o000002520d6b5e28, 12, 4;
L_000002520d708530 .part o000002520d6b5e28, 10, 2;
L_000002520d708990 .part o000002520d6b5e28, 8, 2;
L_000002520d7073b0 .part o000002520d6b5e28, 6, 2;
L_000002520d707f90 .part o000002520d6b5e28, 0, 8;
L_000002520d70c7e0 .functor MUXZ 8, v000002520d692910_0, o000002520d6b5dc8, L_000002520d707630, C4<>;
L_000002520d70c420 .functor MUXZ 8, L_000002520d6a92d0, L_000002520d707f90, L_000002520d6a90a0, C4<>;
S_000002520d6a3090 .scope module, "alu_unit" "alu" 2 68, 3 1 0, S_000002520d6a2f00;
 .timescale 0 0;
    .port_info 0 /INPUT 8 "a";
    .port_info 1 /INPUT 8 "b";
    .port_info 2 /INPUT 2 "alu_op";
    .port_info 3 /OUTPUT 8 "result";
    .port_info 4 /OUTPUT 1 "zero";
L_000002520d750430 .functor BUFT 1, C4<00000000>, C4<0>, C4<0>, C4<0>;
v000002520d691c90_0 .net/2u *"_ivl_0", 7 0, L_000002520d750430;  1 drivers
v000002520d6925f0_0 .net "a", 7 0, L_000002520d6a9260;  alias, 1 drivers
v000002520d691dd0_0 .net "alu_op", 1 0, L_000002520d70be80;  alias, 1 drivers
v000002520d692410_0 .net "b", 7 0, L_000002520d70c420;  1 drivers
v000002520d692910_0 .var "result", 7 0;
v000002520d692cd0_0 .net "zero", 0 0, L_000002520d70b840;  alias, 1 drivers
E_000002520d6900d0 .event anyedge, v000002520d691dd0_0, v000002520d6925f0_0, v000002520d692410_0;
L_000002520d70b840 .cmp/eq 8, v000002520d692910_0, L_000002520d750430;
S_000002520d696f70 .scope module, "ctrl" "control_unit" 2 43, 4 1 0, S_000002520d6a2f00;
 .timescale 0 0;
    .port_info 0 /INPUT 4 "opcode";
    .port_info 1 /OUTPUT 1 "mem_to_reg";
    .port_info 2 /OUTPUT 1 "reg_write";
    .port_info 3 /OUTPUT 1 "alu_src";
    .port_info 4 /OUTPUT 2 "alu_op";
    .port_info 5 /OUTPUT 1 "branch";
    .port_info 6 /OUTPUT 1 "jump";
    .port_info 7 /OUTPUT 1 "data_write";
P_000002520d697100 .param/l "OP_ADD" 1 4 13, C4<0000>;
P_000002520d697138 .param/l "OP_BEQ" 1 4 17, C4<0100>;
P_000002520d697170 .param/l "OP_JMP" 1 4 18, C4<0101>;
P_000002520d6971a8 .param/l "OP_LW" 1 4 15, C4<0010>;
P_000002520d6971e0 .param/l "OP_SUB" 1 4 14, C4<0001>;
P_000002520d697218 .param/l "OP_SW" 1 4 16, C4<0011>;
L_000002520d6a9500 .functor OR 1, L_000002520d708cb0, L_000002520d708df0, C4<0>, C4<0>;
L_000002520d6a8fc0 .functor OR 1, L_000002520d6a9500, L_000002520d707130, C4<0>, C4<0>;
L_000002520d6a90a0 .functor OR 1, L_000002520d7074f0, L_000002520d707590, C4<0>, C4<0>;
L_000002520d750088 .functor BUFT 1, C4<0000>, C4<0>, C4<0>, C4<0>;
v000002520d6920f0_0 .net/2u *"_ivl_0", 3 0, L_000002520d750088;  1 drivers
L_000002520d750118 .functor BUFT 1, C4<0010>, C4<0>, C4<0>, C4<0>;
v000002520d692050_0 .net/2u *"_ivl_10", 3 0, L_000002520d750118;  1 drivers
v000002520d692550_0 .net *"_ivl_12", 0 0, L_000002520d707130;  1 drivers
L_000002520d750160 .functor BUFT 1, C4<0010>, C4<0>, C4<0>, C4<0>;
v000002520d692230_0 .net/2u *"_ivl_16", 3 0, L_000002520d750160;  1 drivers
v000002520d692690_0 .net *"_ivl_18", 0 0, L_000002520d7074f0;  1 drivers
v000002520d692730_0 .net *"_ivl_2", 0 0, L_000002520d708cb0;  1 drivers
L_000002520d7501a8 .functor BUFT 1, C4<0011>, C4<0>, C4<0>, C4<0>;
v000002520d6934f0_0 .net/2u *"_ivl_20", 3 0, L_000002520d7501a8;  1 drivers
v000002520d692a50_0 .net *"_ivl_22", 0 0, L_000002520d707590;  1 drivers
L_000002520d7501f0 .functor BUFT 1, C4<0010>, C4<0>, C4<0>, C4<0>;
v000002520d6929b0_0 .net/2u *"_ivl_26", 3 0, L_000002520d7501f0;  1 drivers
L_000002520d750238 .functor BUFT 1, C4<0011>, C4<0>, C4<0>, C4<0>;
v000002520d692af0_0 .net/2u *"_ivl_30", 3 0, L_000002520d750238;  1 drivers
L_000002520d750280 .functor BUFT 1, C4<0100>, C4<0>, C4<0>, C4<0>;
v000002520d692b90_0 .net/2u *"_ivl_34", 3 0, L_000002520d750280;  1 drivers
L_000002520d7502c8 .functor BUFT 1, C4<0101>, C4<0>, C4<0>, C4<0>;
v000002520d6931d0_0 .net/2u *"_ivl_38", 3 0, L_000002520d7502c8;  1 drivers
L_000002520d7500d0 .functor BUFT 1, C4<0001>, C4<0>, C4<0>, C4<0>;
v000002520d693770_0 .net/2u *"_ivl_4", 3 0, L_000002520d7500d0;  1 drivers
L_000002520d750310 .functor BUFT 1, C4<0001>, C4<0>, C4<0>, C4<0>;
v000002520d693090_0 .net/2u *"_ivl_44", 3 0, L_000002520d750310;  1 drivers
v000002520d693630_0 .net *"_ivl_46", 0 0, L_000002520d70cc40;  1 drivers
L_000002520d750358 .functor BUFT 1, C4<0100>, C4<0>, C4<0>, C4<0>;
v000002520d691d30_0 .net/2u *"_ivl_51", 3 0, L_000002520d750358;  1 drivers
v000002520d692c30_0 .net *"_ivl_53", 0 0, L_000002520d70cce0;  1 drivers
v000002520d692d70_0 .net *"_ivl_6", 0 0, L_000002520d708df0;  1 drivers
v000002520d691b50_0 .net *"_ivl_8", 0 0, L_000002520d6a9500;  1 drivers
v000002520d691e70_0 .net "alu_op", 1 0, L_000002520d70be80;  alias, 1 drivers
v000002520d691f10_0 .net "alu_src", 0 0, L_000002520d6a90a0;  alias, 1 drivers
v000002520d6936d0_0 .net "branch", 0 0, L_000002520d70bca0;  alias, 1 drivers
v000002520d692e10_0 .net "data_write", 0 0, L_000002520d7076d0;  alias, 1 drivers
v000002520d693810_0 .net "jump", 0 0, L_000002520d70cba0;  alias, 1 drivers
v000002520d6933b0_0 .net "mem_to_reg", 0 0, L_000002520d707630;  alias, 1 drivers
v000002520d692eb0_0 .net "opcode", 3 0, L_000002520d707310;  alias, 1 drivers
v000002520d692ff0_0 .net "reg_write", 0 0, L_000002520d6a8fc0;  alias, 1 drivers
L_000002520d708cb0 .cmp/eq 4, L_000002520d707310, L_000002520d750088;
L_000002520d708df0 .cmp/eq 4, L_000002520d707310, L_000002520d7500d0;
L_000002520d707130 .cmp/eq 4, L_000002520d707310, L_000002520d750118;
L_000002520d7074f0 .cmp/eq 4, L_000002520d707310, L_000002520d750160;
L_000002520d707590 .cmp/eq 4, L_000002520d707310, L_000002520d7501a8;
L_000002520d707630 .cmp/eq 4, L_000002520d707310, L_000002520d7501f0;
L_000002520d7076d0 .cmp/eq 4, L_000002520d707310, L_000002520d750238;
L_000002520d70bca0 .cmp/eq 4, L_000002520d707310, L_000002520d750280;
L_000002520d70cba0 .cmp/eq 4, L_000002520d707310, L_000002520d7502c8;
L_000002520d70cc40 .cmp/eq 4, L_000002520d707310, L_000002520d750310;
L_000002520d70be80 .concat8 [ 1 1 0 0], L_000002520d70cce0, L_000002520d70cc40;
L_000002520d70cce0 .cmp/eq 4, L_000002520d707310, L_000002520d750358;
S_000002520d6a0270 .scope module, "pc" "program_counter" 2 77, 5 1 0, S_000002520d6a2f00;
 .timescale 0 0;
    .port_info 0 /INPUT 1 "clk";
    .port_info 1 /INPUT 1 "reset";
    .port_info 2 /INPUT 1 "branch";
    .port_info 3 /INPUT 1 "jump";
    .port_info 4 /INPUT 8 "immediate";
    .port_info 5 /OUTPUT 8 "pc";
v000002520d693270_0 .net "branch", 0 0, L_000002520d6a9650;  1 drivers
v000002520d693310_0 .net "clk", 0 0, o000002520d6b57c8;  alias, 0 drivers
v000002520d693450_0 .net "immediate", 7 0, L_000002520d707f90;  alias, 1 drivers
v000002520d693590_0 .net "jump", 0 0, L_000002520d70cba0;  alias, 1 drivers
v000002520d6938b0_0 .var "pc", 7 0;
v000002520d691a10_0 .net "reset", 0 0, o000002520d6b5858;  alias, 0 drivers
E_000002520d690810 .event posedge, v000002520d691a10_0, v000002520d693310_0;
S_000002520d6a0400 .scope module, "reg_file" "register_file" 2 55, 6 1 0, S_000002520d6a2f00;
 .timescale 0 0;
    .port_info 0 /INPUT 1 "clk";
    .port_info 1 /INPUT 1 "reset";
    .port_info 2 /INPUT 1 "reg_write";
    .port_info 3 /INPUT 2 "read_reg1";
    .port_info 4 /INPUT 2 "read_reg2";
    .port_info 5 /INPUT 2 "write_reg";
    .port_info 6 /INPUT 8 "write_data";
    .port_info 7 /OUTPUT 8 "read_data1";
    .port_info 8 /OUTPUT 8 "read_data2";
L_000002520d6a9260 .functor BUFZ 8, L_000002520d70c4c0, C4<00000000>, C4<00000000>, C4<00000000>;
L_000002520d6a92d0 .functor BUFZ 8, L_000002520d70bde0, C4<00000000>, C4<00000000>, C4<00000000>;
v000002520d691bf0_0 .net *"_ivl_0", 7 0, L_000002520d70c4c0;  1 drivers
v000002520d691fb0_0 .net *"_ivl_10", 3 0, L_000002520d70c380;  1 drivers
L_000002520d7503e8 .functor BUFT 1, C4<00>, C4<0>, C4<0>, C4<0>;
v000002520d707810_0 .net *"_ivl_13", 1 0, L_000002520d7503e8;  1 drivers
v000002520d708350_0 .net *"_ivl_2", 3 0, L_000002520d70bf20;  1 drivers
L_000002520d7503a0 .functor BUFT 1, C4<00>, C4<0>, C4<0>, C4<0>;
v000002520d708030_0 .net *"_ivl_5", 1 0, L_000002520d7503a0;  1 drivers
v000002520d707950_0 .net *"_ivl_8", 7 0, L_000002520d70bde0;  1 drivers
v000002520d708e90_0 .net "clk", 0 0, o000002520d6b57c8;  alias, 0 drivers
v000002520d707450_0 .var/i "i", 31 0;
v000002520d708c10_0 .net "read_data1", 7 0, L_000002520d6a9260;  alias, 1 drivers
v000002520d7078b0_0 .net "read_data2", 7 0, L_000002520d6a92d0;  alias, 1 drivers
v000002520d707ef0_0 .net "read_reg1", 1 0, L_000002520d708530;  alias, 1 drivers
v000002520d707090_0 .net "read_reg2", 1 0, L_000002520d708990;  alias, 1 drivers
v000002520d708670_0 .net "reg_write", 0 0, L_000002520d6a8fc0;  alias, 1 drivers
v000002520d7082b0 .array "registers", 3 0, 7 0;
v000002520d707770_0 .net "reset", 0 0, o000002520d6b5858;  alias, 0 drivers
v000002520d707db0_0 .net "write_data", 7 0, L_000002520d70c7e0;  1 drivers
v000002520d7071d0_0 .net "write_reg", 1 0, L_000002520d7073b0;  alias, 1 drivers
L_000002520d70c4c0 .array/port v000002520d7082b0, L_000002520d70bf20;
L_000002520d70bf20 .concat [ 2 2 0 0], L_000002520d708530, L_000002520d7503a0;
L_000002520d70bde0 .array/port v000002520d7082b0, L_000002520d70c380;
L_000002520d70c380 .concat [ 2 2 0 0], L_000002520d708990, L_000002520d7503e8;
    .scope S_000002520d6a0400;
T_0 ;
    %pushi/vec4 0, 0, 32;
    %store/vec4 v000002520d707450_0, 0, 32;
T_0.0 ;
    %load/vec4 v000002520d707450_0;
    %cmpi/s 4, 0, 32;
    %jmp/0xz T_0.1, 5;
    %pushi/vec4 0, 0, 8;
    %ix/getv/s 4, v000002520d707450_0;
    %store/vec4a v000002520d7082b0, 4, 0;
    %load/vec4 v000002520d707450_0;
    %addi 1, 0, 32;
    %store/vec4 v000002520d707450_0, 0, 32;
    %jmp T_0.0;
T_0.1 ;
    %end;
    .thread T_0;
    .scope S_000002520d6a0400;
T_1 ;
    %wait E_000002520d690810;
    %load/vec4 v000002520d707770_0;
    %flag_set/vec4 8;
    %jmp/0xz  T_1.0, 8;
    %pushi/vec4 0, 0, 32;
    %store/vec4 v000002520d707450_0, 0, 32;
T_1.2 ;
    %load/vec4 v000002520d707450_0;
    %cmpi/s 4, 0, 32;
    %jmp/0xz T_1.3, 5;
    %pushi/vec4 0, 0, 8;
    %ix/getv/s 3, v000002520d707450_0;
    %ix/load 4, 0, 0; Constant delay
    %assign/vec4/a/d v000002520d7082b0, 0, 4;
    %load/vec4 v000002520d707450_0;
    %addi 1, 0, 32;
    %store/vec4 v000002520d707450_0, 0, 32;
    %jmp T_1.2;
T_1.3 ;
    %jmp T_1.1;
T_1.0 ;
    %load/vec4 v000002520d708670_0;
    %flag_set/vec4 8;
    %jmp/0xz  T_1.4, 8;
    %load/vec4 v000002520d707db0_0;
    %load/vec4 v000002520d7071d0_0;
    %pad/u 4;
    %ix/vec4 3;
    %ix/load 4, 0, 0; Constant delay
    %assign/vec4/a/d v000002520d7082b0, 0, 4;
T_1.4 ;
T_1.1 ;
    %jmp T_1;
    .thread T_1;
    .scope S_000002520d6a3090;
T_2 ;
    %wait E_000002520d6900d0;
    %load/vec4 v000002520d691dd0_0;
    %dup/vec4;
    %pushi/vec4 0, 0, 2;
    %cmp/u;
    %jmp/1 T_2.0, 6;
    %dup/vec4;
    %pushi/vec4 1, 0, 2;
    %cmp/u;
    %jmp/1 T_2.1, 6;
    %dup/vec4;
    %pushi/vec4 2, 0, 2;
    %cmp/u;
    %jmp/1 T_2.2, 6;
    %dup/vec4;
    %pushi/vec4 3, 0, 2;
    %cmp/u;
    %jmp/1 T_2.3, 6;
    %jmp T_2.4;
T_2.0 ;
    %load/vec4 v000002520d6925f0_0;
    %load/vec4 v000002520d692410_0;
    %add;
    %store/vec4 v000002520d692910_0, 0, 8;
    %jmp T_2.4;
T_2.1 ;
    %load/vec4 v000002520d6925f0_0;
    %load/vec4 v000002520d692410_0;
    %sub;
    %store/vec4 v000002520d692910_0, 0, 8;
    %jmp T_2.4;
T_2.2 ;
    %load/vec4 v000002520d6925f0_0;
    %load/vec4 v000002520d692410_0;
    %and;
    %store/vec4 v000002520d692910_0, 0, 8;
    %jmp T_2.4;
T_2.3 ;
    %load/vec4 v000002520d6925f0_0;
    %load/vec4 v000002520d692410_0;
    %or;
    %store/vec4 v000002520d692910_0, 0, 8;
    %jmp T_2.4;
T_2.4 ;
    %pop/vec4 1;
    %jmp T_2;
    .thread T_2, $push;
    .scope S_000002520d6a0270;
T_3 ;
    %wait E_000002520d690810;
    %load/vec4 v000002520d691a10_0;
    %flag_set/vec4 8;
    %jmp/0xz  T_3.0, 8;
    %pushi/vec4 0, 0, 8;
    %assign/vec4 v000002520d6938b0_0, 0;
    %jmp T_3.1;
T_3.0 ;
    %load/vec4 v000002520d693590_0;
    %flag_set/vec4 8;
    %jmp/0xz  T_3.2, 8;
    %load/vec4 v000002520d693450_0;
    %assign/vec4 v000002520d6938b0_0, 0;
    %jmp T_3.3;
T_3.2 ;
    %load/vec4 v000002520d693270_0;
    %flag_set/vec4 8;
    %jmp/0xz  T_3.4, 8;
    %load/vec4 v000002520d6938b0_0;
    %addi 1, 0, 8;
    %load/vec4 v000002520d693450_0;
    %add;
    %assign/vec4 v000002520d6938b0_0, 0;
    %jmp T_3.5;
T_3.4 ;
    %load/vec4 v000002520d6938b0_0;
    %addi 1, 0, 8;
    %assign/vec4 v000002520d6938b0_0, 0;
T_3.5 ;
T_3.3 ;
T_3.1 ;
    %jmp T_3;
    .thread T_3;
# The file index is used to find the file name in the following table.
:file_names 7;
    "N/A";
    "<interactive>";
    "risc_core.v";
    "./core/alu.v";
    "./core/control_unit.v";
    "./core/program_counter.v";
    "./core/register_file.v";
