#! /c/Source/iverilog-install/bin/vvp
:ivl_version "12.0 (devel)" "(s20150603-1110-g18392a46)";
:ivl_delay_selection "TYPICAL";
:vpi_time_precision + 0;
:vpi_module "C:\iverilog\lib\ivl\system.vpi";
:vpi_module "C:\iverilog\lib\ivl\vhdl_sys.vpi";
:vpi_module "C:\iverilog\lib\ivl\vhdl_textio.vpi";
:vpi_module "C:\iverilog\lib\ivl\v2005_math.vpi";
:vpi_module "C:\iverilog\lib\ivl\va_math.vpi";
S_0000023e4229ee40 .scope module, "risc_system" "risc_system" 2 6;
 .timescale 0 0;
    .port_info 0 /INPUT 1 "clk";
    .port_info 1 /INPUT 1 "reset";
o0000023e422ac9d8 .functor BUFZ 1, C4<z>; HiZ drive
v0000023e423049f0_0 .net "clk", 0 0, o0000023e422ac9d8;  0 drivers
v0000023e42304270_0 .net "data_addr", 7 0, L_0000023e42295b20;  1 drivers
v0000023e42303f50_0 .net "data_in", 7 0, L_0000023e42295ce0;  1 drivers
v0000023e423043b0_0 .net "data_out", 7 0, L_0000023e42295730;  1 drivers
v0000023e42304810_0 .net "data_write", 0 0, L_0000023e42304b30;  1 drivers
v0000023e42304310_0 .net "instr_addr", 7 0, v0000023e42301750_0;  1 drivers
v0000023e42305170_0 .net "instr_data", 15 0, v0000023e422919d0_0;  1 drivers
o0000023e422aca98 .functor BUFZ 1, C4<z>; HiZ drive
v0000023e42304ef0_0 .net "reset", 0 0, o0000023e422aca98;  0 drivers
S_0000023e422a1480 .scope module, "dmem" "data_memory" 2 38, 3 1 0, S_0000023e4229ee40;
 .timescale 0 0;
    .port_info 0 /INPUT 1 "clk";
    .port_info 1 /INPUT 1 "reset";
    .port_info 2 /INPUT 8 "addr";
    .port_info 3 /INPUT 1 "write_en";
    .port_info 4 /INPUT 8 "data_in";
    .port_info 5 /OUTPUT 8 "data_out";
L_0000023e42295ce0 .functor BUFZ 8, L_0000023e42305030, C4<00000000>, C4<00000000>, C4<00000000>;
v0000023e42292150_0 .net *"_ivl_0", 7 0, L_0000023e42305030;  1 drivers
v0000023e422921f0_0 .net *"_ivl_2", 9 0, L_0000023e42303d70;  1 drivers
L_0000023e42320478 .functor BUFT 1, C4<00>, C4<0>, C4<0>, C4<0>;
v0000023e42292dd0_0 .net *"_ivl_5", 1 0, L_0000023e42320478;  1 drivers
v0000023e42291750_0 .net "addr", 7 0, L_0000023e42295b20;  alias, 1 drivers
v0000023e42292790_0 .net "clk", 0 0, o0000023e422ac9d8;  alias, 0 drivers
v0000023e42292b50_0 .net "data_in", 7 0, L_0000023e42295730;  alias, 1 drivers
v0000023e42291930_0 .net "data_out", 7 0, L_0000023e42295ce0;  alias, 1 drivers
v0000023e42291250_0 .var/i "i", 31 0;
v0000023e42292470 .array "memory", 255 0, 7 0;
v0000023e42291a70_0 .net "reset", 0 0, o0000023e422aca98;  alias, 0 drivers
v0000023e42292830_0 .net "write_en", 0 0, L_0000023e42304b30;  alias, 1 drivers
E_0000023e42298ec0 .event posedge, v0000023e42291a70_0, v0000023e42292790_0;
L_0000023e42305030 .array/port v0000023e42292470, L_0000023e42303d70;
L_0000023e42303d70 .concat [ 8 2 0 0], L_0000023e42295b20, L_0000023e42320478;
S_0000023e422a1610 .scope module, "imem" "instr_memory" 2 32, 4 1 0, S_0000023e4229ee40;
 .timescale 0 0;
    .port_info 0 /INPUT 8 "addr";
    .port_info 1 /OUTPUT 16 "instr_out";
v0000023e422928d0_0 .net "addr", 7 0, v0000023e42301750_0;  alias, 1 drivers
v0000023e422919d0_0 .var "instr_out", 15 0;
v0000023e42292e70 .array "memory", 255 0, 15 0;
v0000023e42292e70_0 .array/port v0000023e42292e70, 0;
v0000023e42292e70_1 .array/port v0000023e42292e70, 1;
v0000023e42292e70_2 .array/port v0000023e42292e70, 2;
E_0000023e42298700/0 .event anyedge, v0000023e422928d0_0, v0000023e42292e70_0, v0000023e42292e70_1, v0000023e42292e70_2;
v0000023e42292e70_3 .array/port v0000023e42292e70, 3;
v0000023e42292e70_4 .array/port v0000023e42292e70, 4;
v0000023e42292e70_5 .array/port v0000023e42292e70, 5;
v0000023e42292e70_6 .array/port v0000023e42292e70, 6;
E_0000023e42298700/1 .event anyedge, v0000023e42292e70_3, v0000023e42292e70_4, v0000023e42292e70_5, v0000023e42292e70_6;
v0000023e42292e70_7 .array/port v0000023e42292e70, 7;
v0000023e42292e70_8 .array/port v0000023e42292e70, 8;
v0000023e42292e70_9 .array/port v0000023e42292e70, 9;
v0000023e42292e70_10 .array/port v0000023e42292e70, 10;
E_0000023e42298700/2 .event anyedge, v0000023e42292e70_7, v0000023e42292e70_8, v0000023e42292e70_9, v0000023e42292e70_10;
v0000023e42292e70_11 .array/port v0000023e42292e70, 11;
v0000023e42292e70_12 .array/port v0000023e42292e70, 12;
v0000023e42292e70_13 .array/port v0000023e42292e70, 13;
v0000023e42292e70_14 .array/port v0000023e42292e70, 14;
E_0000023e42298700/3 .event anyedge, v0000023e42292e70_11, v0000023e42292e70_12, v0000023e42292e70_13, v0000023e42292e70_14;
v0000023e42292e70_15 .array/port v0000023e42292e70, 15;
v0000023e42292e70_16 .array/port v0000023e42292e70, 16;
v0000023e42292e70_17 .array/port v0000023e42292e70, 17;
v0000023e42292e70_18 .array/port v0000023e42292e70, 18;
E_0000023e42298700/4 .event anyedge, v0000023e42292e70_15, v0000023e42292e70_16, v0000023e42292e70_17, v0000023e42292e70_18;
v0000023e42292e70_19 .array/port v0000023e42292e70, 19;
v0000023e42292e70_20 .array/port v0000023e42292e70, 20;
v0000023e42292e70_21 .array/port v0000023e42292e70, 21;
v0000023e42292e70_22 .array/port v0000023e42292e70, 22;
E_0000023e42298700/5 .event anyedge, v0000023e42292e70_19, v0000023e42292e70_20, v0000023e42292e70_21, v0000023e42292e70_22;
v0000023e42292e70_23 .array/port v0000023e42292e70, 23;
v0000023e42292e70_24 .array/port v0000023e42292e70, 24;
v0000023e42292e70_25 .array/port v0000023e42292e70, 25;
v0000023e42292e70_26 .array/port v0000023e42292e70, 26;
E_0000023e42298700/6 .event anyedge, v0000023e42292e70_23, v0000023e42292e70_24, v0000023e42292e70_25, v0000023e42292e70_26;
v0000023e42292e70_27 .array/port v0000023e42292e70, 27;
v0000023e42292e70_28 .array/port v0000023e42292e70, 28;
v0000023e42292e70_29 .array/port v0000023e42292e70, 29;
v0000023e42292e70_30 .array/port v0000023e42292e70, 30;
E_0000023e42298700/7 .event anyedge, v0000023e42292e70_27, v0000023e42292e70_28, v0000023e42292e70_29, v0000023e42292e70_30;
v0000023e42292e70_31 .array/port v0000023e42292e70, 31;
v0000023e42292e70_32 .array/port v0000023e42292e70, 32;
v0000023e42292e70_33 .array/port v0000023e42292e70, 33;
v0000023e42292e70_34 .array/port v0000023e42292e70, 34;
E_0000023e42298700/8 .event anyedge, v0000023e42292e70_31, v0000023e42292e70_32, v0000023e42292e70_33, v0000023e42292e70_34;
v0000023e42292e70_35 .array/port v0000023e42292e70, 35;
v0000023e42292e70_36 .array/port v0000023e42292e70, 36;
v0000023e42292e70_37 .array/port v0000023e42292e70, 37;
v0000023e42292e70_38 .array/port v0000023e42292e70, 38;
E_0000023e42298700/9 .event anyedge, v0000023e42292e70_35, v0000023e42292e70_36, v0000023e42292e70_37, v0000023e42292e70_38;
v0000023e42292e70_39 .array/port v0000023e42292e70, 39;
v0000023e42292e70_40 .array/port v0000023e42292e70, 40;
v0000023e42292e70_41 .array/port v0000023e42292e70, 41;
v0000023e42292e70_42 .array/port v0000023e42292e70, 42;
E_0000023e42298700/10 .event anyedge, v0000023e42292e70_39, v0000023e42292e70_40, v0000023e42292e70_41, v0000023e42292e70_42;
v0000023e42292e70_43 .array/port v0000023e42292e70, 43;
v0000023e42292e70_44 .array/port v0000023e42292e70, 44;
v0000023e42292e70_45 .array/port v0000023e42292e70, 45;
v0000023e42292e70_46 .array/port v0000023e42292e70, 46;
E_0000023e42298700/11 .event anyedge, v0000023e42292e70_43, v0000023e42292e70_44, v0000023e42292e70_45, v0000023e42292e70_46;
v0000023e42292e70_47 .array/port v0000023e42292e70, 47;
v0000023e42292e70_48 .array/port v0000023e42292e70, 48;
v0000023e42292e70_49 .array/port v0000023e42292e70, 49;
v0000023e42292e70_50 .array/port v0000023e42292e70, 50;
E_0000023e42298700/12 .event anyedge, v0000023e42292e70_47, v0000023e42292e70_48, v0000023e42292e70_49, v0000023e42292e70_50;
v0000023e42292e70_51 .array/port v0000023e42292e70, 51;
v0000023e42292e70_52 .array/port v0000023e42292e70, 52;
v0000023e42292e70_53 .array/port v0000023e42292e70, 53;
v0000023e42292e70_54 .array/port v0000023e42292e70, 54;
E_0000023e42298700/13 .event anyedge, v0000023e42292e70_51, v0000023e42292e70_52, v0000023e42292e70_53, v0000023e42292e70_54;
v0000023e42292e70_55 .array/port v0000023e42292e70, 55;
v0000023e42292e70_56 .array/port v0000023e42292e70, 56;
v0000023e42292e70_57 .array/port v0000023e42292e70, 57;
v0000023e42292e70_58 .array/port v0000023e42292e70, 58;
E_0000023e42298700/14 .event anyedge, v0000023e42292e70_55, v0000023e42292e70_56, v0000023e42292e70_57, v0000023e42292e70_58;
v0000023e42292e70_59 .array/port v0000023e42292e70, 59;
v0000023e42292e70_60 .array/port v0000023e42292e70, 60;
v0000023e42292e70_61 .array/port v0000023e42292e70, 61;
v0000023e42292e70_62 .array/port v0000023e42292e70, 62;
E_0000023e42298700/15 .event anyedge, v0000023e42292e70_59, v0000023e42292e70_60, v0000023e42292e70_61, v0000023e42292e70_62;
v0000023e42292e70_63 .array/port v0000023e42292e70, 63;
v0000023e42292e70_64 .array/port v0000023e42292e70, 64;
v0000023e42292e70_65 .array/port v0000023e42292e70, 65;
v0000023e42292e70_66 .array/port v0000023e42292e70, 66;
E_0000023e42298700/16 .event anyedge, v0000023e42292e70_63, v0000023e42292e70_64, v0000023e42292e70_65, v0000023e42292e70_66;
v0000023e42292e70_67 .array/port v0000023e42292e70, 67;
v0000023e42292e70_68 .array/port v0000023e42292e70, 68;
v0000023e42292e70_69 .array/port v0000023e42292e70, 69;
v0000023e42292e70_70 .array/port v0000023e42292e70, 70;
E_0000023e42298700/17 .event anyedge, v0000023e42292e70_67, v0000023e42292e70_68, v0000023e42292e70_69, v0000023e42292e70_70;
v0000023e42292e70_71 .array/port v0000023e42292e70, 71;
v0000023e42292e70_72 .array/port v0000023e42292e70, 72;
v0000023e42292e70_73 .array/port v0000023e42292e70, 73;
v0000023e42292e70_74 .array/port v0000023e42292e70, 74;
E_0000023e42298700/18 .event anyedge, v0000023e42292e70_71, v0000023e42292e70_72, v0000023e42292e70_73, v0000023e42292e70_74;
v0000023e42292e70_75 .array/port v0000023e42292e70, 75;
v0000023e42292e70_76 .array/port v0000023e42292e70, 76;
v0000023e42292e70_77 .array/port v0000023e42292e70, 77;
v0000023e42292e70_78 .array/port v0000023e42292e70, 78;
E_0000023e42298700/19 .event anyedge, v0000023e42292e70_75, v0000023e42292e70_76, v0000023e42292e70_77, v0000023e42292e70_78;
v0000023e42292e70_79 .array/port v0000023e42292e70, 79;
v0000023e42292e70_80 .array/port v0000023e42292e70, 80;
v0000023e42292e70_81 .array/port v0000023e42292e70, 81;
v0000023e42292e70_82 .array/port v0000023e42292e70, 82;
E_0000023e42298700/20 .event anyedge, v0000023e42292e70_79, v0000023e42292e70_80, v0000023e42292e70_81, v0000023e42292e70_82;
v0000023e42292e70_83 .array/port v0000023e42292e70, 83;
v0000023e42292e70_84 .array/port v0000023e42292e70, 84;
v0000023e42292e70_85 .array/port v0000023e42292e70, 85;
v0000023e42292e70_86 .array/port v0000023e42292e70, 86;
E_0000023e42298700/21 .event anyedge, v0000023e42292e70_83, v0000023e42292e70_84, v0000023e42292e70_85, v0000023e42292e70_86;
v0000023e42292e70_87 .array/port v0000023e42292e70, 87;
v0000023e42292e70_88 .array/port v0000023e42292e70, 88;
v0000023e42292e70_89 .array/port v0000023e42292e70, 89;
v0000023e42292e70_90 .array/port v0000023e42292e70, 90;
E_0000023e42298700/22 .event anyedge, v0000023e42292e70_87, v0000023e42292e70_88, v0000023e42292e70_89, v0000023e42292e70_90;
v0000023e42292e70_91 .array/port v0000023e42292e70, 91;
v0000023e42292e70_92 .array/port v0000023e42292e70, 92;
v0000023e42292e70_93 .array/port v0000023e42292e70, 93;
v0000023e42292e70_94 .array/port v0000023e42292e70, 94;
E_0000023e42298700/23 .event anyedge, v0000023e42292e70_91, v0000023e42292e70_92, v0000023e42292e70_93, v0000023e42292e70_94;
v0000023e42292e70_95 .array/port v0000023e42292e70, 95;
v0000023e42292e70_96 .array/port v0000023e42292e70, 96;
v0000023e42292e70_97 .array/port v0000023e42292e70, 97;
v0000023e42292e70_98 .array/port v0000023e42292e70, 98;
E_0000023e42298700/24 .event anyedge, v0000023e42292e70_95, v0000023e42292e70_96, v0000023e42292e70_97, v0000023e42292e70_98;
v0000023e42292e70_99 .array/port v0000023e42292e70, 99;
v0000023e42292e70_100 .array/port v0000023e42292e70, 100;
v0000023e42292e70_101 .array/port v0000023e42292e70, 101;
v0000023e42292e70_102 .array/port v0000023e42292e70, 102;
E_0000023e42298700/25 .event anyedge, v0000023e42292e70_99, v0000023e42292e70_100, v0000023e42292e70_101, v0000023e42292e70_102;
v0000023e42292e70_103 .array/port v0000023e42292e70, 103;
v0000023e42292e70_104 .array/port v0000023e42292e70, 104;
v0000023e42292e70_105 .array/port v0000023e42292e70, 105;
v0000023e42292e70_106 .array/port v0000023e42292e70, 106;
E_0000023e42298700/26 .event anyedge, v0000023e42292e70_103, v0000023e42292e70_104, v0000023e42292e70_105, v0000023e42292e70_106;
v0000023e42292e70_107 .array/port v0000023e42292e70, 107;
v0000023e42292e70_108 .array/port v0000023e42292e70, 108;
v0000023e42292e70_109 .array/port v0000023e42292e70, 109;
v0000023e42292e70_110 .array/port v0000023e42292e70, 110;
E_0000023e42298700/27 .event anyedge, v0000023e42292e70_107, v0000023e42292e70_108, v0000023e42292e70_109, v0000023e42292e70_110;
v0000023e42292e70_111 .array/port v0000023e42292e70, 111;
v0000023e42292e70_112 .array/port v0000023e42292e70, 112;
v0000023e42292e70_113 .array/port v0000023e42292e70, 113;
v0000023e42292e70_114 .array/port v0000023e42292e70, 114;
E_0000023e42298700/28 .event anyedge, v0000023e42292e70_111, v0000023e42292e70_112, v0000023e42292e70_113, v0000023e42292e70_114;
v0000023e42292e70_115 .array/port v0000023e42292e70, 115;
v0000023e42292e70_116 .array/port v0000023e42292e70, 116;
v0000023e42292e70_117 .array/port v0000023e42292e70, 117;
v0000023e42292e70_118 .array/port v0000023e42292e70, 118;
E_0000023e42298700/29 .event anyedge, v0000023e42292e70_115, v0000023e42292e70_116, v0000023e42292e70_117, v0000023e42292e70_118;
v0000023e42292e70_119 .array/port v0000023e42292e70, 119;
v0000023e42292e70_120 .array/port v0000023e42292e70, 120;
v0000023e42292e70_121 .array/port v0000023e42292e70, 121;
v0000023e42292e70_122 .array/port v0000023e42292e70, 122;
E_0000023e42298700/30 .event anyedge, v0000023e42292e70_119, v0000023e42292e70_120, v0000023e42292e70_121, v0000023e42292e70_122;
v0000023e42292e70_123 .array/port v0000023e42292e70, 123;
v0000023e42292e70_124 .array/port v0000023e42292e70, 124;
v0000023e42292e70_125 .array/port v0000023e42292e70, 125;
v0000023e42292e70_126 .array/port v0000023e42292e70, 126;
E_0000023e42298700/31 .event anyedge, v0000023e42292e70_123, v0000023e42292e70_124, v0000023e42292e70_125, v0000023e42292e70_126;
v0000023e42292e70_127 .array/port v0000023e42292e70, 127;
v0000023e42292e70_128 .array/port v0000023e42292e70, 128;
v0000023e42292e70_129 .array/port v0000023e42292e70, 129;
v0000023e42292e70_130 .array/port v0000023e42292e70, 130;
E_0000023e42298700/32 .event anyedge, v0000023e42292e70_127, v0000023e42292e70_128, v0000023e42292e70_129, v0000023e42292e70_130;
v0000023e42292e70_131 .array/port v0000023e42292e70, 131;
v0000023e42292e70_132 .array/port v0000023e42292e70, 132;
v0000023e42292e70_133 .array/port v0000023e42292e70, 133;
v0000023e42292e70_134 .array/port v0000023e42292e70, 134;
E_0000023e42298700/33 .event anyedge, v0000023e42292e70_131, v0000023e42292e70_132, v0000023e42292e70_133, v0000023e42292e70_134;
v0000023e42292e70_135 .array/port v0000023e42292e70, 135;
v0000023e42292e70_136 .array/port v0000023e42292e70, 136;
v0000023e42292e70_137 .array/port v0000023e42292e70, 137;
v0000023e42292e70_138 .array/port v0000023e42292e70, 138;
E_0000023e42298700/34 .event anyedge, v0000023e42292e70_135, v0000023e42292e70_136, v0000023e42292e70_137, v0000023e42292e70_138;
v0000023e42292e70_139 .array/port v0000023e42292e70, 139;
v0000023e42292e70_140 .array/port v0000023e42292e70, 140;
v0000023e42292e70_141 .array/port v0000023e42292e70, 141;
v0000023e42292e70_142 .array/port v0000023e42292e70, 142;
E_0000023e42298700/35 .event anyedge, v0000023e42292e70_139, v0000023e42292e70_140, v0000023e42292e70_141, v0000023e42292e70_142;
v0000023e42292e70_143 .array/port v0000023e42292e70, 143;
v0000023e42292e70_144 .array/port v0000023e42292e70, 144;
v0000023e42292e70_145 .array/port v0000023e42292e70, 145;
v0000023e42292e70_146 .array/port v0000023e42292e70, 146;
E_0000023e42298700/36 .event anyedge, v0000023e42292e70_143, v0000023e42292e70_144, v0000023e42292e70_145, v0000023e42292e70_146;
v0000023e42292e70_147 .array/port v0000023e42292e70, 147;
v0000023e42292e70_148 .array/port v0000023e42292e70, 148;
v0000023e42292e70_149 .array/port v0000023e42292e70, 149;
v0000023e42292e70_150 .array/port v0000023e42292e70, 150;
E_0000023e42298700/37 .event anyedge, v0000023e42292e70_147, v0000023e42292e70_148, v0000023e42292e70_149, v0000023e42292e70_150;
v0000023e42292e70_151 .array/port v0000023e42292e70, 151;
v0000023e42292e70_152 .array/port v0000023e42292e70, 152;
v0000023e42292e70_153 .array/port v0000023e42292e70, 153;
v0000023e42292e70_154 .array/port v0000023e42292e70, 154;
E_0000023e42298700/38 .event anyedge, v0000023e42292e70_151, v0000023e42292e70_152, v0000023e42292e70_153, v0000023e42292e70_154;
v0000023e42292e70_155 .array/port v0000023e42292e70, 155;
v0000023e42292e70_156 .array/port v0000023e42292e70, 156;
v0000023e42292e70_157 .array/port v0000023e42292e70, 157;
v0000023e42292e70_158 .array/port v0000023e42292e70, 158;
E_0000023e42298700/39 .event anyedge, v0000023e42292e70_155, v0000023e42292e70_156, v0000023e42292e70_157, v0000023e42292e70_158;
v0000023e42292e70_159 .array/port v0000023e42292e70, 159;
v0000023e42292e70_160 .array/port v0000023e42292e70, 160;
v0000023e42292e70_161 .array/port v0000023e42292e70, 161;
v0000023e42292e70_162 .array/port v0000023e42292e70, 162;
E_0000023e42298700/40 .event anyedge, v0000023e42292e70_159, v0000023e42292e70_160, v0000023e42292e70_161, v0000023e42292e70_162;
v0000023e42292e70_163 .array/port v0000023e42292e70, 163;
v0000023e42292e70_164 .array/port v0000023e42292e70, 164;
v0000023e42292e70_165 .array/port v0000023e42292e70, 165;
v0000023e42292e70_166 .array/port v0000023e42292e70, 166;
E_0000023e42298700/41 .event anyedge, v0000023e42292e70_163, v0000023e42292e70_164, v0000023e42292e70_165, v0000023e42292e70_166;
v0000023e42292e70_167 .array/port v0000023e42292e70, 167;
v0000023e42292e70_168 .array/port v0000023e42292e70, 168;
v0000023e42292e70_169 .array/port v0000023e42292e70, 169;
v0000023e42292e70_170 .array/port v0000023e42292e70, 170;
E_0000023e42298700/42 .event anyedge, v0000023e42292e70_167, v0000023e42292e70_168, v0000023e42292e70_169, v0000023e42292e70_170;
v0000023e42292e70_171 .array/port v0000023e42292e70, 171;
v0000023e42292e70_172 .array/port v0000023e42292e70, 172;
v0000023e42292e70_173 .array/port v0000023e42292e70, 173;
v0000023e42292e70_174 .array/port v0000023e42292e70, 174;
E_0000023e42298700/43 .event anyedge, v0000023e42292e70_171, v0000023e42292e70_172, v0000023e42292e70_173, v0000023e42292e70_174;
v0000023e42292e70_175 .array/port v0000023e42292e70, 175;
v0000023e42292e70_176 .array/port v0000023e42292e70, 176;
v0000023e42292e70_177 .array/port v0000023e42292e70, 177;
v0000023e42292e70_178 .array/port v0000023e42292e70, 178;
E_0000023e42298700/44 .event anyedge, v0000023e42292e70_175, v0000023e42292e70_176, v0000023e42292e70_177, v0000023e42292e70_178;
v0000023e42292e70_179 .array/port v0000023e42292e70, 179;
v0000023e42292e70_180 .array/port v0000023e42292e70, 180;
v0000023e42292e70_181 .array/port v0000023e42292e70, 181;
v0000023e42292e70_182 .array/port v0000023e42292e70, 182;
E_0000023e42298700/45 .event anyedge, v0000023e42292e70_179, v0000023e42292e70_180, v0000023e42292e70_181, v0000023e42292e70_182;
v0000023e42292e70_183 .array/port v0000023e42292e70, 183;
v0000023e42292e70_184 .array/port v0000023e42292e70, 184;
v0000023e42292e70_185 .array/port v0000023e42292e70, 185;
v0000023e42292e70_186 .array/port v0000023e42292e70, 186;
E_0000023e42298700/46 .event anyedge, v0000023e42292e70_183, v0000023e42292e70_184, v0000023e42292e70_185, v0000023e42292e70_186;
v0000023e42292e70_187 .array/port v0000023e42292e70, 187;
v0000023e42292e70_188 .array/port v0000023e42292e70, 188;
v0000023e42292e70_189 .array/port v0000023e42292e70, 189;
v0000023e42292e70_190 .array/port v0000023e42292e70, 190;
E_0000023e42298700/47 .event anyedge, v0000023e42292e70_187, v0000023e42292e70_188, v0000023e42292e70_189, v0000023e42292e70_190;
v0000023e42292e70_191 .array/port v0000023e42292e70, 191;
v0000023e42292e70_192 .array/port v0000023e42292e70, 192;
v0000023e42292e70_193 .array/port v0000023e42292e70, 193;
v0000023e42292e70_194 .array/port v0000023e42292e70, 194;
E_0000023e42298700/48 .event anyedge, v0000023e42292e70_191, v0000023e42292e70_192, v0000023e42292e70_193, v0000023e42292e70_194;
v0000023e42292e70_195 .array/port v0000023e42292e70, 195;
v0000023e42292e70_196 .array/port v0000023e42292e70, 196;
v0000023e42292e70_197 .array/port v0000023e42292e70, 197;
v0000023e42292e70_198 .array/port v0000023e42292e70, 198;
E_0000023e42298700/49 .event anyedge, v0000023e42292e70_195, v0000023e42292e70_196, v0000023e42292e70_197, v0000023e42292e70_198;
v0000023e42292e70_199 .array/port v0000023e42292e70, 199;
v0000023e42292e70_200 .array/port v0000023e42292e70, 200;
v0000023e42292e70_201 .array/port v0000023e42292e70, 201;
v0000023e42292e70_202 .array/port v0000023e42292e70, 202;
E_0000023e42298700/50 .event anyedge, v0000023e42292e70_199, v0000023e42292e70_200, v0000023e42292e70_201, v0000023e42292e70_202;
v0000023e42292e70_203 .array/port v0000023e42292e70, 203;
v0000023e42292e70_204 .array/port v0000023e42292e70, 204;
v0000023e42292e70_205 .array/port v0000023e42292e70, 205;
v0000023e42292e70_206 .array/port v0000023e42292e70, 206;
E_0000023e42298700/51 .event anyedge, v0000023e42292e70_203, v0000023e42292e70_204, v0000023e42292e70_205, v0000023e42292e70_206;
v0000023e42292e70_207 .array/port v0000023e42292e70, 207;
v0000023e42292e70_208 .array/port v0000023e42292e70, 208;
v0000023e42292e70_209 .array/port v0000023e42292e70, 209;
v0000023e42292e70_210 .array/port v0000023e42292e70, 210;
E_0000023e42298700/52 .event anyedge, v0000023e42292e70_207, v0000023e42292e70_208, v0000023e42292e70_209, v0000023e42292e70_210;
v0000023e42292e70_211 .array/port v0000023e42292e70, 211;
v0000023e42292e70_212 .array/port v0000023e42292e70, 212;
v0000023e42292e70_213 .array/port v0000023e42292e70, 213;
v0000023e42292e70_214 .array/port v0000023e42292e70, 214;
E_0000023e42298700/53 .event anyedge, v0000023e42292e70_211, v0000023e42292e70_212, v0000023e42292e70_213, v0000023e42292e70_214;
v0000023e42292e70_215 .array/port v0000023e42292e70, 215;
v0000023e42292e70_216 .array/port v0000023e42292e70, 216;
v0000023e42292e70_217 .array/port v0000023e42292e70, 217;
v0000023e42292e70_218 .array/port v0000023e42292e70, 218;
E_0000023e42298700/54 .event anyedge, v0000023e42292e70_215, v0000023e42292e70_216, v0000023e42292e70_217, v0000023e42292e70_218;
v0000023e42292e70_219 .array/port v0000023e42292e70, 219;
v0000023e42292e70_220 .array/port v0000023e42292e70, 220;
v0000023e42292e70_221 .array/port v0000023e42292e70, 221;
v0000023e42292e70_222 .array/port v0000023e42292e70, 222;
E_0000023e42298700/55 .event anyedge, v0000023e42292e70_219, v0000023e42292e70_220, v0000023e42292e70_221, v0000023e42292e70_222;
v0000023e42292e70_223 .array/port v0000023e42292e70, 223;
v0000023e42292e70_224 .array/port v0000023e42292e70, 224;
v0000023e42292e70_225 .array/port v0000023e42292e70, 225;
v0000023e42292e70_226 .array/port v0000023e42292e70, 226;
E_0000023e42298700/56 .event anyedge, v0000023e42292e70_223, v0000023e42292e70_224, v0000023e42292e70_225, v0000023e42292e70_226;
v0000023e42292e70_227 .array/port v0000023e42292e70, 227;
v0000023e42292e70_228 .array/port v0000023e42292e70, 228;
v0000023e42292e70_229 .array/port v0000023e42292e70, 229;
v0000023e42292e70_230 .array/port v0000023e42292e70, 230;
E_0000023e42298700/57 .event anyedge, v0000023e42292e70_227, v0000023e42292e70_228, v0000023e42292e70_229, v0000023e42292e70_230;
v0000023e42292e70_231 .array/port v0000023e42292e70, 231;
v0000023e42292e70_232 .array/port v0000023e42292e70, 232;
v0000023e42292e70_233 .array/port v0000023e42292e70, 233;
v0000023e42292e70_234 .array/port v0000023e42292e70, 234;
E_0000023e42298700/58 .event anyedge, v0000023e42292e70_231, v0000023e42292e70_232, v0000023e42292e70_233, v0000023e42292e70_234;
v0000023e42292e70_235 .array/port v0000023e42292e70, 235;
v0000023e42292e70_236 .array/port v0000023e42292e70, 236;
v0000023e42292e70_237 .array/port v0000023e42292e70, 237;
v0000023e42292e70_238 .array/port v0000023e42292e70, 238;
E_0000023e42298700/59 .event anyedge, v0000023e42292e70_235, v0000023e42292e70_236, v0000023e42292e70_237, v0000023e42292e70_238;
v0000023e42292e70_239 .array/port v0000023e42292e70, 239;
v0000023e42292e70_240 .array/port v0000023e42292e70, 240;
v0000023e42292e70_241 .array/port v0000023e42292e70, 241;
v0000023e42292e70_242 .array/port v0000023e42292e70, 242;
E_0000023e42298700/60 .event anyedge, v0000023e42292e70_239, v0000023e42292e70_240, v0000023e42292e70_241, v0000023e42292e70_242;
v0000023e42292e70_243 .array/port v0000023e42292e70, 243;
v0000023e42292e70_244 .array/port v0000023e42292e70, 244;
v0000023e42292e70_245 .array/port v0000023e42292e70, 245;
v0000023e42292e70_246 .array/port v0000023e42292e70, 246;
E_0000023e42298700/61 .event anyedge, v0000023e42292e70_243, v0000023e42292e70_244, v0000023e42292e70_245, v0000023e42292e70_246;
v0000023e42292e70_247 .array/port v0000023e42292e70, 247;
v0000023e42292e70_248 .array/port v0000023e42292e70, 248;
v0000023e42292e70_249 .array/port v0000023e42292e70, 249;
v0000023e42292e70_250 .array/port v0000023e42292e70, 250;
E_0000023e42298700/62 .event anyedge, v0000023e42292e70_247, v0000023e42292e70_248, v0000023e42292e70_249, v0000023e42292e70_250;
v0000023e42292e70_251 .array/port v0000023e42292e70, 251;
v0000023e42292e70_252 .array/port v0000023e42292e70, 252;
v0000023e42292e70_253 .array/port v0000023e42292e70, 253;
v0000023e42292e70_254 .array/port v0000023e42292e70, 254;
E_0000023e42298700/63 .event anyedge, v0000023e42292e70_251, v0000023e42292e70_252, v0000023e42292e70_253, v0000023e42292e70_254;
v0000023e42292e70_255 .array/port v0000023e42292e70, 255;
E_0000023e42298700/64 .event anyedge, v0000023e42292e70_255;
E_0000023e42298700 .event/or E_0000023e42298700/0, E_0000023e42298700/1, E_0000023e42298700/2, E_0000023e42298700/3, E_0000023e42298700/4, E_0000023e42298700/5, E_0000023e42298700/6, E_0000023e42298700/7, E_0000023e42298700/8, E_0000023e42298700/9, E_0000023e42298700/10, E_0000023e42298700/11, E_0000023e42298700/12, E_0000023e42298700/13, E_0000023e42298700/14, E_0000023e42298700/15, E_0000023e42298700/16, E_0000023e42298700/17, E_0000023e42298700/18, E_0000023e42298700/19, E_0000023e42298700/20, E_0000023e42298700/21, E_0000023e42298700/22, E_0000023e42298700/23, E_0000023e42298700/24, E_0000023e42298700/25, E_0000023e42298700/26, E_0000023e42298700/27, E_0000023e42298700/28, E_0000023e42298700/29, E_0000023e42298700/30, E_0000023e42298700/31, E_0000023e42298700/32, E_0000023e42298700/33, E_0000023e42298700/34, E_0000023e42298700/35, E_0000023e42298700/36, E_0000023e42298700/37, E_0000023e42298700/38, E_0000023e42298700/39, E_0000023e42298700/40, E_0000023e42298700/41, E_0000023e42298700/42, E_0000023e42298700/43, E_0000023e42298700/44, E_0000023e42298700/45, E_0000023e42298700/46, E_0000023e42298700/47, E_0000023e42298700/48, E_0000023e42298700/49, E_0000023e42298700/50, E_0000023e42298700/51, E_0000023e42298700/52, E_0000023e42298700/53, E_0000023e42298700/54, E_0000023e42298700/55, E_0000023e42298700/56, E_0000023e42298700/57, E_0000023e42298700/58, E_0000023e42298700/59, E_0000023e42298700/60, E_0000023e42298700/61, E_0000023e42298700/62, E_0000023e42298700/63, E_0000023e42298700/64;
S_0000023e42281e10 .scope begin, "$ivl_for_loop0" "$ivl_for_loop0" 4 12, 4 12 0, S_0000023e422a1610;
 .timescale 0 0;
v0000023e422914d0_0 .var/i "i", 31 0;
S_0000023e42281fa0 .scope module, "processor" "risc_core" 2 20, 5 6 0, S_0000023e4229ee40;
 .timescale 0 0;
    .port_info 0 /INPUT 1 "clk";
    .port_info 1 /INPUT 1 "reset";
    .port_info 2 /OUTPUT 8 "instr_addr";
    .port_info 3 /INPUT 16 "instr_data";
    .port_info 4 /OUTPUT 8 "data_addr";
    .port_info 5 /OUTPUT 1 "data_write";
    .port_info 6 /OUTPUT 8 "data_out";
    .port_info 7 /INPUT 8 "data_in";
L_0000023e42295dc0 .functor AND 1, L_0000023e42303af0, L_0000023e42304e50, C4<1>, C4<1>;
L_0000023e42295b20 .functor BUFZ 8, v0000023e42291890_0, C4<00000000>, C4<00000000>, C4<00000000>;
L_0000023e42295730 .functor BUFZ 8, L_0000023e42295f80, C4<00000000>, C4<00000000>, C4<00000000>;
v0000023e423028d0_0 .net "alu_op", 1 0, L_0000023e42304c70;  1 drivers
v0000023e42302150_0 .net "alu_result", 7 0, v0000023e42291890_0;  1 drivers
v0000023e423021f0_0 .net "alu_src", 0 0, L_0000023e422956c0;  1 drivers
v0000023e42301570_0 .net "branch", 0 0, L_0000023e42303af0;  1 drivers
v0000023e42300a30_0 .net "clk", 0 0, o0000023e422ac9d8;  alias, 0 drivers
v0000023e42301b10_0 .net "data_addr", 7 0, L_0000023e42295b20;  alias, 1 drivers
v0000023e423026f0_0 .net "data_in", 7 0, L_0000023e42295ce0;  alias, 1 drivers
v0000023e42302290_0 .net "data_out", 7 0, L_0000023e42295730;  alias, 1 drivers
v0000023e42300fd0_0 .net "data_write", 0 0, L_0000023e42304b30;  alias, 1 drivers
v0000023e42300c10_0 .net "immediate", 7 0, L_0000023e423048b0;  1 drivers
v0000023e42301110_0 .net "instr_addr", 7 0, v0000023e42301750_0;  alias, 1 drivers
v0000023e42301c50_0 .net "instr_data", 15 0, v0000023e422919d0_0;  alias, 1 drivers
v0000023e42301250_0 .net "jump", 0 0, L_0000023e42304bd0;  1 drivers
v0000023e42301390_0 .net "mem_to_reg", 0 0, L_0000023e42303a50;  1 drivers
v0000023e42301d90_0 .net "opcode", 3 0, L_0000023e423057b0;  1 drivers
v0000023e42301e30_0 .net "rd", 1 0, L_0000023e42305210;  1 drivers
v0000023e423046d0_0 .net "reg_data1", 7 0, L_0000023e422951f0;  1 drivers
v0000023e42304090_0 .net "reg_data2", 7 0, L_0000023e42295f80;  1 drivers
v0000023e42304590_0 .net "reg_write", 0 0, L_0000023e42295ea0;  1 drivers
v0000023e42304130_0 .net "reset", 0 0, o0000023e422aca98;  alias, 0 drivers
v0000023e423041d0_0 .net "rs", 1 0, L_0000023e423044f0;  1 drivers
v0000023e42305710_0 .net "rt", 1 0, L_0000023e42304a90;  1 drivers
v0000023e42303b90_0 .net "zero_flag", 0 0, L_0000023e42304e50;  1 drivers
L_0000023e423057b0 .part v0000023e422919d0_0, 12, 4;
L_0000023e423044f0 .part v0000023e422919d0_0, 10, 2;
L_0000023e42304a90 .part v0000023e422919d0_0, 8, 2;
L_0000023e42305210 .part v0000023e422919d0_0, 6, 2;
L_0000023e423048b0 .part v0000023e422919d0_0, 0, 8;
L_0000023e42304db0 .functor MUXZ 8, v0000023e42291890_0, L_0000023e42295ce0, L_0000023e42303a50, C4<>;
L_0000023e42304f90 .functor MUXZ 8, L_0000023e42295f80, L_0000023e423048b0, L_0000023e422956c0, C4<>;
S_0000023e42282130 .scope module, "alu_unit" "alu" 5 68, 6 1 0, S_0000023e42281fa0;
 .timescale 0 0;
    .port_info 0 /INPUT 8 "a";
    .port_info 1 /INPUT 8 "b";
    .port_info 2 /INPUT 2 "alu_op";
    .port_info 3 /OUTPUT 8 "result";
    .port_info 4 /OUTPUT 1 "zero";
L_0000023e42320430 .functor BUFT 1, C4<00000000>, C4<0>, C4<0>, C4<0>;
v0000023e42292330_0 .net/2u *"_ivl_0", 7 0, L_0000023e42320430;  1 drivers
v0000023e422923d0_0 .net "a", 7 0, L_0000023e422951f0;  alias, 1 drivers
v0000023e42290fd0_0 .net "alu_op", 1 0, L_0000023e42304c70;  alias, 1 drivers
v0000023e42292010_0 .net "b", 7 0, L_0000023e42304f90;  1 drivers
v0000023e42291890_0 .var "result", 7 0;
v0000023e422912f0_0 .net "zero", 0 0, L_0000023e42304e50;  alias, 1 drivers
E_0000023e42298f00 .event anyedge, v0000023e42290fd0_0, v0000023e422923d0_0, v0000023e42292010_0;
L_0000023e42304e50 .cmp/eq 8, v0000023e42291890_0, L_0000023e42320430;
S_0000023e42275360 .scope module, "ctrl" "control_unit" 5 43, 7 1 0, S_0000023e42281fa0;
 .timescale 0 0;
    .port_info 0 /INPUT 4 "opcode";
    .port_info 1 /OUTPUT 1 "mem_to_reg";
    .port_info 2 /OUTPUT 1 "reg_write";
    .port_info 3 /OUTPUT 1 "alu_src";
    .port_info 4 /OUTPUT 2 "alu_op";
    .port_info 5 /OUTPUT 1 "branch";
    .port_info 6 /OUTPUT 1 "jump";
    .port_info 7 /OUTPUT 1 "data_write";
P_0000023e422754f0 .param/l "OP_ADD" 1 7 13, C4<0000>;
P_0000023e42275528 .param/l "OP_BEQ" 1 7 17, C4<0100>;
P_0000023e42275560 .param/l "OP_JMP" 1 7 18, C4<0101>;
P_0000023e42275598 .param/l "OP_LW" 1 7 15, C4<0010>;
P_0000023e422755d0 .param/l "OP_SUB" 1 7 14, C4<0001>;
P_0000023e42275608 .param/l "OP_SW" 1 7 16, C4<0011>;
L_0000023e42295ff0 .functor OR 1, L_0000023e42305850, L_0000023e42304450, C4<0>, C4<0>;
L_0000023e42295ea0 .functor OR 1, L_0000023e42295ff0, L_0000023e42304630, C4<0>, C4<0>;
L_0000023e422956c0 .functor OR 1, L_0000023e42304770, L_0000023e42304950, C4<0>, C4<0>;
L_0000023e42320088 .functor BUFT 1, C4<0000>, C4<0>, C4<0>, C4<0>;
v0000023e42291bb0_0 .net/2u *"_ivl_0", 3 0, L_0000023e42320088;  1 drivers
L_0000023e42320118 .functor BUFT 1, C4<0010>, C4<0>, C4<0>, C4<0>;
v0000023e422917f0_0 .net/2u *"_ivl_10", 3 0, L_0000023e42320118;  1 drivers
v0000023e42291b10_0 .net *"_ivl_12", 0 0, L_0000023e42304630;  1 drivers
L_0000023e42320160 .functor BUFT 1, C4<0010>, C4<0>, C4<0>, C4<0>;
v0000023e422911b0_0 .net/2u *"_ivl_16", 3 0, L_0000023e42320160;  1 drivers
v0000023e42291070_0 .net *"_ivl_18", 0 0, L_0000023e42304770;  1 drivers
v0000023e42291c50_0 .net *"_ivl_2", 0 0, L_0000023e42305850;  1 drivers
L_0000023e423201a8 .functor BUFT 1, C4<0011>, C4<0>, C4<0>, C4<0>;
v0000023e42292290_0 .net/2u *"_ivl_20", 3 0, L_0000023e423201a8;  1 drivers
v0000023e42291cf0_0 .net *"_ivl_22", 0 0, L_0000023e42304950;  1 drivers
L_0000023e423201f0 .functor BUFT 1, C4<0010>, C4<0>, C4<0>, C4<0>;
v0000023e42291110_0 .net/2u *"_ivl_26", 3 0, L_0000023e423201f0;  1 drivers
L_0000023e42320238 .functor BUFT 1, C4<0011>, C4<0>, C4<0>, C4<0>;
v0000023e42292510_0 .net/2u *"_ivl_30", 3 0, L_0000023e42320238;  1 drivers
L_0000023e42320280 .functor BUFT 1, C4<0100>, C4<0>, C4<0>, C4<0>;
v0000023e42291e30_0 .net/2u *"_ivl_34", 3 0, L_0000023e42320280;  1 drivers
L_0000023e423202c8 .functor BUFT 1, C4<0101>, C4<0>, C4<0>, C4<0>;
v0000023e42291ed0_0 .net/2u *"_ivl_38", 3 0, L_0000023e423202c8;  1 drivers
L_0000023e423200d0 .functor BUFT 1, C4<0001>, C4<0>, C4<0>, C4<0>;
v0000023e42291f70_0 .net/2u *"_ivl_4", 3 0, L_0000023e423200d0;  1 drivers
L_0000023e42320310 .functor BUFT 1, C4<0001>, C4<0>, C4<0>, C4<0>;
v0000023e422920b0_0 .net/2u *"_ivl_44", 3 0, L_0000023e42320310;  1 drivers
v0000023e42292ab0_0 .net *"_ivl_46", 0 0, L_0000023e42303eb0;  1 drivers
L_0000023e42320358 .functor BUFT 1, C4<0100>, C4<0>, C4<0>, C4<0>;
v0000023e42292c90_0 .net/2u *"_ivl_51", 3 0, L_0000023e42320358;  1 drivers
v0000023e42292d30_0 .net *"_ivl_53", 0 0, L_0000023e42303ff0;  1 drivers
v0000023e423017f0_0 .net *"_ivl_6", 0 0, L_0000023e42304450;  1 drivers
v0000023e42302510_0 .net *"_ivl_8", 0 0, L_0000023e42295ff0;  1 drivers
v0000023e42302790_0 .net "alu_op", 1 0, L_0000023e42304c70;  alias, 1 drivers
v0000023e42301cf0_0 .net "alu_src", 0 0, L_0000023e422956c0;  alias, 1 drivers
v0000023e423016b0_0 .net "branch", 0 0, L_0000023e42303af0;  alias, 1 drivers
v0000023e42301890_0 .net "data_write", 0 0, L_0000023e42304b30;  alias, 1 drivers
v0000023e42301430_0 .net "jump", 0 0, L_0000023e42304bd0;  alias, 1 drivers
v0000023e42301610_0 .net "mem_to_reg", 0 0, L_0000023e42303a50;  alias, 1 drivers
v0000023e42302010_0 .net "opcode", 3 0, L_0000023e423057b0;  alias, 1 drivers
v0000023e42302830_0 .net "reg_write", 0 0, L_0000023e42295ea0;  alias, 1 drivers
L_0000023e42305850 .cmp/eq 4, L_0000023e423057b0, L_0000023e42320088;
L_0000023e42304450 .cmp/eq 4, L_0000023e423057b0, L_0000023e423200d0;
L_0000023e42304630 .cmp/eq 4, L_0000023e423057b0, L_0000023e42320118;
L_0000023e42304770 .cmp/eq 4, L_0000023e423057b0, L_0000023e42320160;
L_0000023e42304950 .cmp/eq 4, L_0000023e423057b0, L_0000023e423201a8;
L_0000023e42303a50 .cmp/eq 4, L_0000023e423057b0, L_0000023e423201f0;
L_0000023e42304b30 .cmp/eq 4, L_0000023e423057b0, L_0000023e42320238;
L_0000023e42303af0 .cmp/eq 4, L_0000023e423057b0, L_0000023e42320280;
L_0000023e42304bd0 .cmp/eq 4, L_0000023e423057b0, L_0000023e423202c8;
L_0000023e42303eb0 .cmp/eq 4, L_0000023e423057b0, L_0000023e42320310;
L_0000023e42304c70 .concat8 [ 1 1 0 0], L_0000023e42303ff0, L_0000023e42303eb0;
L_0000023e42303ff0 .cmp/eq 4, L_0000023e423057b0, L_0000023e42320358;
S_0000023e42272500 .scope module, "pc" "program_counter" 5 77, 8 1 0, S_0000023e42281fa0;
 .timescale 0 0;
    .port_info 0 /INPUT 1 "clk";
    .port_info 1 /INPUT 1 "reset";
    .port_info 2 /INPUT 1 "branch";
    .port_info 3 /INPUT 1 "jump";
    .port_info 4 /INPUT 8 "immediate";
    .port_info 5 /OUTPUT 8 "pc";
v0000023e42301bb0_0 .net "branch", 0 0, L_0000023e42295dc0;  1 drivers
v0000023e42300cb0_0 .net "clk", 0 0, o0000023e422ac9d8;  alias, 0 drivers
v0000023e42302650_0 .net "immediate", 7 0, L_0000023e423048b0;  alias, 1 drivers
v0000023e42300df0_0 .net "jump", 0 0, L_0000023e42304bd0;  alias, 1 drivers
v0000023e42301750_0 .var "pc", 7 0;
v0000023e42300d50_0 .net "reset", 0 0, o0000023e422aca98;  alias, 0 drivers
S_0000023e42272690 .scope module, "reg_file" "register_file" 5 55, 9 1 0, S_0000023e42281fa0;
 .timescale 0 0;
    .port_info 0 /INPUT 1 "clk";
    .port_info 1 /INPUT 1 "reset";
    .port_info 2 /INPUT 1 "reg_write";
    .port_info 3 /INPUT 2 "read_reg1";
    .port_info 4 /INPUT 2 "read_reg2";
    .port_info 5 /INPUT 2 "write_reg";
    .port_info 6 /INPUT 8 "write_data";
    .port_info 7 /OUTPUT 8 "read_data1";
    .port_info 8 /OUTPUT 8 "read_data2";
L_0000023e422951f0 .functor BUFZ 8, L_0000023e423058f0, C4<00000000>, C4<00000000>, C4<00000000>;
L_0000023e42295f80 .functor BUFZ 8, L_0000023e42303c30, C4<00000000>, C4<00000000>, C4<00000000>;
v0000023e423020b0_0 .net *"_ivl_0", 7 0, L_0000023e423058f0;  1 drivers
v0000023e42300e90_0 .net *"_ivl_10", 3 0, L_0000023e42303cd0;  1 drivers
L_0000023e423203e8 .functor BUFT 1, C4<00>, C4<0>, C4<0>, C4<0>;
v0000023e42301ed0_0 .net *"_ivl_13", 1 0, L_0000023e423203e8;  1 drivers
v0000023e42301930_0 .net *"_ivl_2", 3 0, L_0000023e42304d10;  1 drivers
L_0000023e423203a0 .functor BUFT 1, C4<00>, C4<0>, C4<0>, C4<0>;
v0000023e423019d0_0 .net *"_ivl_5", 1 0, L_0000023e423203a0;  1 drivers
v0000023e423025b0_0 .net *"_ivl_8", 7 0, L_0000023e42303c30;  1 drivers
v0000023e42300b70_0 .net "clk", 0 0, o0000023e422ac9d8;  alias, 0 drivers
v0000023e42300ad0_0 .var/i "i", 31 0;
v0000023e423011b0_0 .net "read_data1", 7 0, L_0000023e422951f0;  alias, 1 drivers
v0000023e423023d0_0 .net "read_data2", 7 0, L_0000023e42295f80;  alias, 1 drivers
v0000023e42302330_0 .net "read_reg1", 1 0, L_0000023e423044f0;  alias, 1 drivers
v0000023e42302470_0 .net "read_reg2", 1 0, L_0000023e42304a90;  alias, 1 drivers
v0000023e42301a70_0 .net "reg_write", 0 0, L_0000023e42295ea0;  alias, 1 drivers
v0000023e42301f70 .array "registers", 3 0, 7 0;
v0000023e42301070_0 .net "reset", 0 0, o0000023e422aca98;  alias, 0 drivers
v0000023e423014d0_0 .net "write_data", 7 0, L_0000023e42304db0;  1 drivers
v0000023e423012f0_0 .net "write_reg", 1 0, L_0000023e42305210;  alias, 1 drivers
L_0000023e423058f0 .array/port v0000023e42301f70, L_0000023e42304d10;
L_0000023e42304d10 .concat [ 2 2 0 0], L_0000023e423044f0, L_0000023e423203a0;
L_0000023e42303c30 .array/port v0000023e42301f70, L_0000023e42303cd0;
L_0000023e42303cd0 .concat [ 2 2 0 0], L_0000023e42304a90, L_0000023e423203e8;
    .scope S_0000023e42272690;
T_0 ;
    %pushi/vec4 0, 0, 32;
    %store/vec4 v0000023e42300ad0_0, 0, 32;
T_0.0 ;
    %load/vec4 v0000023e42300ad0_0;
    %cmpi/s 4, 0, 32;
    %jmp/0xz T_0.1, 5;
    %pushi/vec4 0, 0, 8;
    %ix/getv/s 4, v0000023e42300ad0_0;
    %store/vec4a v0000023e42301f70, 4, 0;
    %load/vec4 v0000023e42300ad0_0;
    %addi 1, 0, 32;
    %store/vec4 v0000023e42300ad0_0, 0, 32;
    %jmp T_0.0;
T_0.1 ;
    %end;
    .thread T_0;
    .scope S_0000023e42272690;
T_1 ;
    %wait E_0000023e42298ec0;
    %load/vec4 v0000023e42301070_0;
    %flag_set/vec4 8;
    %jmp/0xz  T_1.0, 8;
    %pushi/vec4 0, 0, 32;
    %store/vec4 v0000023e42300ad0_0, 0, 32;
T_1.2 ;
    %load/vec4 v0000023e42300ad0_0;
    %cmpi/s 4, 0, 32;
    %jmp/0xz T_1.3, 5;
    %pushi/vec4 0, 0, 8;
    %ix/getv/s 3, v0000023e42300ad0_0;
    %ix/load 4, 0, 0; Constant delay
    %assign/vec4/a/d v0000023e42301f70, 0, 4;
    %load/vec4 v0000023e42300ad0_0;
    %addi 1, 0, 32;
    %store/vec4 v0000023e42300ad0_0, 0, 32;
    %jmp T_1.2;
T_1.3 ;
    %jmp T_1.1;
T_1.0 ;
    %load/vec4 v0000023e42301a70_0;
    %flag_set/vec4 8;
    %jmp/0xz  T_1.4, 8;
    %load/vec4 v0000023e423014d0_0;
    %load/vec4 v0000023e423012f0_0;
    %pad/u 4;
    %ix/vec4 3;
    %ix/load 4, 0, 0; Constant delay
    %assign/vec4/a/d v0000023e42301f70, 0, 4;
T_1.4 ;
T_1.1 ;
    %jmp T_1;
    .thread T_1;
    .scope S_0000023e42282130;
T_2 ;
    %wait E_0000023e42298f00;
    %load/vec4 v0000023e42290fd0_0;
    %dup/vec4;
    %pushi/vec4 0, 0, 2;
    %cmp/u;
    %jmp/1 T_2.0, 6;
    %dup/vec4;
    %pushi/vec4 1, 0, 2;
    %cmp/u;
    %jmp/1 T_2.1, 6;
    %dup/vec4;
    %pushi/vec4 2, 0, 2;
    %cmp/u;
    %jmp/1 T_2.2, 6;
    %dup/vec4;
    %pushi/vec4 3, 0, 2;
    %cmp/u;
    %jmp/1 T_2.3, 6;
    %jmp T_2.4;
T_2.0 ;
    %load/vec4 v0000023e422923d0_0;
    %load/vec4 v0000023e42292010_0;
    %add;
    %store/vec4 v0000023e42291890_0, 0, 8;
    %jmp T_2.4;
T_2.1 ;
    %load/vec4 v0000023e422923d0_0;
    %load/vec4 v0000023e42292010_0;
    %sub;
    %store/vec4 v0000023e42291890_0, 0, 8;
    %jmp T_2.4;
T_2.2 ;
    %load/vec4 v0000023e422923d0_0;
    %load/vec4 v0000023e42292010_0;
    %and;
    %store/vec4 v0000023e42291890_0, 0, 8;
    %jmp T_2.4;
T_2.3 ;
    %load/vec4 v0000023e422923d0_0;
    %load/vec4 v0000023e42292010_0;
    %or;
    %store/vec4 v0000023e42291890_0, 0, 8;
    %jmp T_2.4;
T_2.4 ;
    %pop/vec4 1;
    %jmp T_2;
    .thread T_2, $push;
    .scope S_0000023e42272500;
T_3 ;
    %wait E_0000023e42298ec0;
    %load/vec4 v0000023e42300d50_0;
    %flag_set/vec4 8;
    %jmp/0xz  T_3.0, 8;
    %pushi/vec4 0, 0, 8;
    %assign/vec4 v0000023e42301750_0, 0;
    %jmp T_3.1;
T_3.0 ;
    %load/vec4 v0000023e42300df0_0;
    %flag_set/vec4 8;
    %jmp/0xz  T_3.2, 8;
    %load/vec4 v0000023e42302650_0;
    %assign/vec4 v0000023e42301750_0, 0;
    %jmp T_3.3;
T_3.2 ;
    %load/vec4 v0000023e42301bb0_0;
    %flag_set/vec4 8;
    %jmp/0xz  T_3.4, 8;
    %load/vec4 v0000023e42301750_0;
    %addi 1, 0, 8;
    %load/vec4 v0000023e42302650_0;
    %add;
    %assign/vec4 v0000023e42301750_0, 0;
    %jmp T_3.5;
T_3.4 ;
    %load/vec4 v0000023e42301750_0;
    %addi 1, 0, 8;
    %assign/vec4 v0000023e42301750_0, 0;
T_3.5 ;
T_3.3 ;
T_3.1 ;
    %jmp T_3;
    .thread T_3;
    .scope S_0000023e422a1610;
T_4 ;
    %fork t_1, S_0000023e42281e10;
    %jmp t_0;
    .scope S_0000023e42281e10;
t_1 ;
    %pushi/vec4 0, 0, 32;
    %store/vec4 v0000023e422914d0_0, 0, 32;
T_4.0 ;
    %load/vec4 v0000023e422914d0_0;
    %cmpi/s 256, 0, 32;
    %jmp/0xz T_4.1, 5;
    %pushi/vec4 0, 0, 16;
    %ix/getv/s 4, v0000023e422914d0_0;
    %store/vec4a v0000023e42292e70, 4, 0;
    %load/vec4 v0000023e422914d0_0;
    %addi 1, 0, 32;
    %store/vec4 v0000023e422914d0_0, 0, 32;
    %jmp T_4.0;
T_4.1 ;
    %end;
    .scope S_0000023e422a1610;
t_0 %join;
    %pushi/vec4 8456, 0, 16;
    %ix/load 4, 0, 0;
    %flag_set/imm 4, 0;
    %store/vec4a v0000023e42292e70, 4, 0;
    %pushi/vec4 8713, 0, 16;
    %ix/load 4, 1, 0;
    %flag_set/imm 4, 0;
    %store/vec4a v0000023e42292e70, 4, 0;
    %pushi/vec4 8970, 0, 16;
    %ix/load 4, 2, 0;
    %flag_set/imm 4, 0;
    %store/vec4a v0000023e42292e70, 4, 0;
    %pushi/vec4 220, 0, 16;
    %ix/load 4, 3, 0;
    %flag_set/imm 4, 0;
    %store/vec4a v0000023e42292e70, 4, 0;
    %pushi/vec4 356, 0, 16;
    %ix/load 4, 4, 0;
    %flag_set/imm 4, 0;
    %store/vec4a v0000023e42292e70, 4, 0;
    %pushi/vec4 17660, 0, 16;
    %ix/load 4, 5, 0;
    %flag_set/imm 4, 0;
    %store/vec4a v0000023e42292e70, 4, 0;
    %pushi/vec4 13067, 0, 16;
    %ix/load 4, 6, 0;
    %flag_set/imm 4, 0;
    %store/vec4a v0000023e42292e70, 4, 0;
    %pushi/vec4 5120, 0, 16;
    %ix/load 4, 7, 0;
    %flag_set/imm 4, 0;
    %store/vec4a v0000023e42292e70, 4, 0;
    %pushi/vec4 10, 0, 16;
    %ix/load 4, 8, 0;
    %flag_set/imm 4, 0;
    %store/vec4a v0000023e42292e70, 4, 0;
    %pushi/vec4 1, 0, 16;
    %ix/load 4, 9, 0;
    %flag_set/imm 4, 0;
    %store/vec4a v0000023e42292e70, 4, 0;
    %pushi/vec4 0, 0, 16;
    %ix/load 4, 10, 0;
    %flag_set/imm 4, 0;
    %store/vec4a v0000023e42292e70, 4, 0;
    %pushi/vec4 0, 0, 16;
    %ix/load 4, 11, 0;
    %flag_set/imm 4, 0;
    %store/vec4a v0000023e42292e70, 4, 0;
    %end;
    .thread T_4;
    .scope S_0000023e422a1610;
T_5 ;
    %wait E_0000023e42298700;
    %load/vec4 v0000023e422928d0_0;
    %pad/u 10;
    %ix/vec4 4;
    %load/vec4a v0000023e42292e70, 4;
    %store/vec4 v0000023e422919d0_0, 0, 16;
    %jmp T_5;
    .thread T_5, $push;
    .scope S_0000023e422a1480;
T_6 ;
    %pushi/vec4 0, 0, 32;
    %store/vec4 v0000023e42291250_0, 0, 32;
T_6.0 ;
    %load/vec4 v0000023e42291250_0;
    %cmpi/s 256, 0, 32;
    %jmp/0xz T_6.1, 5;
    %pushi/vec4 0, 0, 8;
    %ix/getv/s 4, v0000023e42291250_0;
    %store/vec4a v0000023e42292470, 4, 0;
    %load/vec4 v0000023e42291250_0;
    %addi 1, 0, 32;
    %store/vec4 v0000023e42291250_0, 0, 32;
    %jmp T_6.0;
T_6.1 ;
    %end;
    .thread T_6;
    .scope S_0000023e422a1480;
T_7 ;
    %wait E_0000023e42298ec0;
    %load/vec4 v0000023e42291a70_0;
    %flag_set/vec4 8;
    %jmp/0xz  T_7.0, 8;
    %pushi/vec4 0, 0, 32;
    %store/vec4 v0000023e42291250_0, 0, 32;
T_7.2 ;
    %load/vec4 v0000023e42291250_0;
    %cmpi/s 256, 0, 32;
    %jmp/0xz T_7.3, 5;
    %pushi/vec4 0, 0, 8;
    %ix/getv/s 3, v0000023e42291250_0;
    %ix/load 4, 0, 0; Constant delay
    %assign/vec4/a/d v0000023e42292470, 0, 4;
    %load/vec4 v0000023e42291250_0;
    %addi 1, 0, 32;
    %store/vec4 v0000023e42291250_0, 0, 32;
    %jmp T_7.2;
T_7.3 ;
    %jmp T_7.1;
T_7.0 ;
    %load/vec4 v0000023e42292830_0;
    %flag_set/vec4 8;
    %jmp/0xz  T_7.4, 8;
    %load/vec4 v0000023e42292b50_0;
    %load/vec4 v0000023e42291750_0;
    %pad/u 10;
    %ix/vec4 3;
    %ix/load 4, 0, 0; Constant delay
    %assign/vec4/a/d v0000023e42292470, 0, 4;
T_7.4 ;
T_7.1 ;
    %jmp T_7;
    .thread T_7;
# The file index is used to find the file name in the following table.
:file_names 10;
    "N/A";
    "<interactive>";
    "risc_sysstem.v";
    "./memory/data_memory.v";
    "./memory/instr_memory.v";
    "./risc_core.v";
    "./core/alu.v";
    "./core/control_unit.v";
    "./core/program_counter.v";
    "./core/register_file.v";
